  [1m[35m (271.9ms)[0m  [1m[35mCREATE DATABASE "rails-watch-list_development" ENCODING = 'unicode'[0m
  [1m[35m (108.6ms)[0m  [1m[35mCREATE DATABASE "rails-watch-list_test" ENCODING = 'unicode'[0m
  [1m[35m (32.5ms)[0m  [1m[35mCREATE TABLE "schema_migrations" ("version" character varying NOT NULL PRIMARY KEY)[0m
  [1m[35m (7.4ms)[0m  [1m[35mCREATE TABLE "ar_internal_metadata" ("key" character varying NOT NULL PRIMARY KEY, "value" character varying, "created_at" timestamp(6) NOT NULL, "updated_at" timestamp(6) NOT NULL)[0m
  [1m[35m (0.8ms)[0m  [1m[34mSELECT pg_try_advisory_lock(5664623546625577800)[0m
  [1m[36mActiveRecord::SchemaMigration Pluck (0.5ms)[0m  [1m[34mSELECT "schema_migrations"."version" FROM "schema_migrations" ORDER BY "schema_migrations"."version" ASC[0m
Migrating to CreateMovies (20220421072200)
  [1m[36mTRANSACTION (0.1ms)[0m  [1m[35mBEGIN[0m
  [1m[35m (4.7ms)[0m  [1m[35mCREATE TABLE "movies" ("id" bigserial primary key, "title" character varying, "overview" text, "poster_url" character varying, "rating" float, "created_at" timestamp(6) NOT NULL, "updated_at" timestamp(6) NOT NULL)[0m
  [1m[36mActiveRecord::SchemaMigration Create (0.5ms)[0m  [1m[32mINSERT INTO "schema_migrations" ("version") VALUES ($1) RETURNING "version"[0m  [["version", "20220421072200"]]
  [1m[36mTRANSACTION (0.5ms)[0m  [1m[35mCOMMIT[0m
Migrating to CreateLists (20220421072341)
  [1m[36mTRANSACTION (0.4ms)[0m  [1m[35mBEGIN[0m
  [1m[35m (5.1ms)[0m  [1m[35mCREATE TABLE "lists" ("id" bigserial primary key, "name" character varying, "created_at" timestamp(6) NOT NULL, "updated_at" timestamp(6) NOT NULL)[0m
  [1m[36mActiveRecord::SchemaMigration Create (0.2ms)[0m  [1m[32mINSERT INTO "schema_migrations" ("version") VALUES ($1) RETURNING "version"[0m  [["version", "20220421072341"]]
  [1m[36mTRANSACTION (0.5ms)[0m  [1m[35mCOMMIT[0m
Migrating to CreateBookmarks (20220421072643)
  [1m[36mTRANSACTION (0.4ms)[0m  [1m[35mBEGIN[0m
  [1m[35m (5.2ms)[0m  [1m[35mCREATE TABLE "bookmarks" ("id" bigserial primary key, "comment" text, "movie_id" bigint NOT NULL, "list_id" bigint NOT NULL, "created_at" timestamp(6) NOT NULL, "updated_at" timestamp(6) NOT NULL, CONSTRAINT "fk_rails_630f44bd39"
FOREIGN KEY ("movie_id")
  REFERENCES "movies" ("id")
, CONSTRAINT "fk_rails_29c05dc16c"
FOREIGN KEY ("list_id")
  REFERENCES "lists" ("id")
)[0m
  [1m[35m (1.2ms)[0m  [1m[35mCREATE INDEX "index_bookmarks_on_movie_id" ON "bookmarks" ("movie_id")[0m
  [1m[35m (1.5ms)[0m  [1m[35mCREATE INDEX "index_bookmarks_on_list_id" ON "bookmarks" ("list_id")[0m
  [1m[36mActiveRecord::SchemaMigration Create (0.2ms)[0m  [1m[32mINSERT INTO "schema_migrations" ("version") VALUES ($1) RETURNING "version"[0m  [["version", "20220421072643"]]
  [1m[36mTRANSACTION (0.5ms)[0m  [1m[35mCOMMIT[0m
Migrating to CreateReviews (20220421075255)
  [1m[36mTRANSACTION (0.4ms)[0m  [1m[35mBEGIN[0m
  [1m[35m (6.9ms)[0m  [1m[35mCREATE TABLE "reviews" ("id" bigserial primary key, "comment" text, "rating" integer, "list_id" bigint NOT NULL, "created_at" timestamp(6) NOT NULL, "updated_at" timestamp(6) NOT NULL, CONSTRAINT "fk_rails_4a5c24a6bd"
FOREIGN KEY ("list_id")
  REFERENCES "lists" ("id")
)[0m
  [1m[35m (1.5ms)[0m  [1m[35mCREATE INDEX "index_reviews_on_list_id" ON "reviews" ("list_id")[0m
  [1m[36mActiveRecord::SchemaMigration Create (0.3ms)[0m  [1m[32mINSERT INTO "schema_migrations" ("version") VALUES ($1) RETURNING "version"[0m  [["version", "20220421075255"]]
  [1m[36mTRANSACTION (0.7ms)[0m  [1m[35mCOMMIT[0m
  [1m[36mActiveRecord::InternalMetadata Load (0.4ms)[0m  [1m[34mSELECT "ar_internal_metadata".* FROM "ar_internal_metadata" WHERE "ar_internal_metadata"."key" = $1 LIMIT $2[0m  [["key", "environment"], ["LIMIT", 1]]
  [1m[36mTRANSACTION (0.2ms)[0m  [1m[35mBEGIN[0m
  [1m[36mActiveRecord::InternalMetadata Create (0.8ms)[0m  [1m[32mINSERT INTO "ar_internal_metadata" ("key", "value", "created_at", "updated_at") VALUES ($1, $2, $3, $4) RETURNING "key"[0m  [["key", "environment"], ["value", "development"], ["created_at", "2022-05-20 10:00:54.583577"], ["updated_at", "2022-05-20 10:00:54.583577"]]
  [1m[36mTRANSACTION (1.3ms)[0m  [1m[35mCOMMIT[0m
  [1m[35m (0.3ms)[0m  [1m[34mSELECT pg_advisory_unlock(5664623546625577800)[0m
  [1m[36mActiveRecord::SchemaMigration Pluck (0.7ms)[0m  [1m[34mSELECT "schema_migrations"."version" FROM "schema_migrations" ORDER BY "schema_migrations"."version" ASC[0m
  [1m[36mActiveRecord::SchemaMigration Pluck (0.6ms)[0m  [1m[34mSELECT "schema_migrations"."version" FROM "schema_migrations" ORDER BY "schema_migrations"."version" ASC[0m
  [1m[36mMovie Load (0.8ms)[0m  [1m[34mSELECT "movies".* FROM "movies"[0m
  [1m[36mTRANSACTION (0.1ms)[0m  [1m[35mBEGIN[0m
  [1m[36mMovie Exists? (0.4ms)[0m  [1m[34mSELECT 1 AS one FROM "movies" WHERE "movies"."title" = $1 LIMIT $2[0m  [["title", "The Shawshank Redemption"], ["LIMIT", 1]]
  [1m[36mMovie Create (2.2ms)[0m  [1m[32mINSERT INTO "movies" ("title", "overview", "poster_url", "rating", "created_at", "updated_at") VALUES ($1, $2, $3, $4, $5, $6) RETURNING "id"[0m  [["title", "The Shawshank Redemption"], ["overview", "Framed in the 1940s for the double murder of his wife and her lover, upstanding banker Andy Dufresne begins a new life at the Shawshank prison, where he puts his accounting skills to work for an amoral warden. During his long stretch in prison, Dufresne comes to be admired by the other inmates -- including an older prisoner named Red -- for his integrity and unquenchable sense of hope."], ["poster_url", "https://image.tmdb.org/t/p/original/iNh3BivHyg5sQRPP1KOkzguEX0H.jpg"], ["rating", 8.7], ["created_at", "2022-05-20 10:00:56.696952"], ["updated_at", "2022-05-20 10:00:56.696952"]]
  [1m[36mTRANSACTION (1.0ms)[0m  [1m[35mCOMMIT[0m
  [1m[36mTRANSACTION (0.1ms)[0m  [1m[35mBEGIN[0m
  [1m[36mMovie Exists? (0.2ms)[0m  [1m[34mSELECT 1 AS one FROM "movies" WHERE "movies"."title" = $1 LIMIT $2[0m  [["title", "Dilwale Dulhania Le Jayenge"], ["LIMIT", 1]]
  [1m[36mMovie Create (1.7ms)[0m  [1m[32mINSERT INTO "movies" ("title", "overview", "poster_url", "rating", "created_at", "updated_at") VALUES ($1, $2, $3, $4, $5, $6) RETURNING "id"[0m  [["title", "Dilwale Dulhania Le Jayenge"], ["overview", "Raj is a rich, carefree, happy-go-lucky second generation NRI. Simran is the daughter of Chaudhary Baldev Singh, who in spite of being an NRI is very strict about adherence to Indian values. Simran has left for India to be married to her childhood fiancé. Raj leaves for India with a mission at his hands, to claim his lady love under the noses of her whole family. Thus begins a saga."], ["poster_url", "https://image.tmdb.org/t/p/original/90ez6ArvpO8bvpyIngBuwXOqJm5.jpg"], ["rating", 8.7], ["created_at", "2022-05-20 10:00:56.718458"], ["updated_at", "2022-05-20 10:00:56.718458"]]
  [1m[36mTRANSACTION (1.1ms)[0m  [1m[35mCOMMIT[0m
  [1m[36mTRANSACTION (0.1ms)[0m  [1m[35mBEGIN[0m
  [1m[36mMovie Exists? (0.2ms)[0m  [1m[34mSELECT 1 AS one FROM "movies" WHERE "movies"."title" = $1 LIMIT $2[0m  [["title", "The Godfather"], ["LIMIT", 1]]
  [1m[36mMovie Create (0.2ms)[0m  [1m[32mINSERT INTO "movies" ("title", "overview", "poster_url", "rating", "created_at", "updated_at") VALUES ($1, $2, $3, $4, $5, $6) RETURNING "id"[0m  [["title", "The Godfather"], ["overview", "Spanning the years 1945 to 1955, a chronicle of the fictional Italian-American Corleone crime family. When organized crime family patriarch, Vito Corleone barely survives an attempt on his life, his youngest son, Michael steps in to take care of the would-be killers, launching a campaign of bloody revenge."], ["poster_url", "https://image.tmdb.org/t/p/original/AbgEQO2mneCSOc8CSnOMa8pBS8I.jpg"], ["rating", 8.7], ["created_at", "2022-05-20 10:00:56.727385"], ["updated_at", "2022-05-20 10:00:56.727385"]]
  [1m[36mTRANSACTION (0.4ms)[0m  [1m[35mCOMMIT[0m
  [1m[36mTRANSACTION (0.4ms)[0m  [1m[35mBEGIN[0m
  [1m[36mMovie Exists? (0.2ms)[0m  [1m[34mSELECT 1 AS one FROM "movies" WHERE "movies"."title" = $1 LIMIT $2[0m  [["title", "Everything Everywhere All at Once"], ["LIMIT", 1]]
  [1m[36mMovie Create (0.2ms)[0m  [1m[32mINSERT INTO "movies" ("title", "overview", "poster_url", "rating", "created_at", "updated_at") VALUES ($1, $2, $3, $4, $5, $6) RETURNING "id"[0m  [["title", "Everything Everywhere All at Once"], ["overview", "An aging Chinese immigrant is swept up in an insane adventure, where she alone can save what's important to her by connecting with the lives she could have led in other universes."], ["poster_url", "https://image.tmdb.org/t/p/original/iN3vKCuOGRdZ9Cn3yRGCyMlaiST.jpg"], ["rating", 8.7], ["created_at", "2022-05-20 10:00:56.733608"], ["updated_at", "2022-05-20 10:00:56.733608"]]
  [1m[36mTRANSACTION (0.4ms)[0m  [1m[35mCOMMIT[0m
  [1m[36mTRANSACTION (0.1ms)[0m  [1m[35mBEGIN[0m
  [1m[36mMovie Exists? (0.2ms)[0m  [1m[34mSELECT 1 AS one FROM "movies" WHERE "movies"."title" = $1 LIMIT $2[0m  [["title", "Schindler's List"], ["LIMIT", 1]]
  [1m[36mMovie Create (0.3ms)[0m  [1m[32mINSERT INTO "movies" ("title", "overview", "poster_url", "rating", "created_at", "updated_at") VALUES ($1, $2, $3, $4, $5, $6) RETURNING "id"[0m  [["title", "Schindler's List"], ["overview", "The true story of how businessman Oskar Schindler saved over a thousand Jewish lives from the Nazis while they worked as slaves in his factory during World War II."], ["poster_url", "https://image.tmdb.org/t/p/original/loRmRzQXZeqG78TqZuyvSlEQfZb.jpg"], ["rating", 8.6], ["created_at", "2022-05-20 10:00:56.739937"], ["updated_at", "2022-05-20 10:00:56.739937"]]
  [1m[36mTRANSACTION (0.4ms)[0m  [1m[35mCOMMIT[0m
  [1m[36mTRANSACTION (0.1ms)[0m  [1m[35mBEGIN[0m
  [1m[36mMovie Exists? (0.7ms)[0m  [1m[34mSELECT 1 AS one FROM "movies" WHERE "movies"."title" = $1 LIMIT $2[0m  [["title", "The Godfather: Part II"], ["LIMIT", 1]]
  [1m[36mMovie Create (0.4ms)[0m  [1m[32mINSERT INTO "movies" ("title", "overview", "poster_url", "rating", "created_at", "updated_at") VALUES ($1, $2, $3, $4, $5, $6) RETURNING "id"[0m  [["title", "The Godfather: Part II"], ["overview", "In the continuing saga of the Corleone crime family, a young Vito Corleone grows up in Sicily and in 1910s New York. In the 1950s, Michael Corleone attempts to expand the family business into Las Vegas, Hollywood and Cuba."], ["poster_url", "https://image.tmdb.org/t/p/original/poec6RqOKY9iSiIUmfyfPfiLtvB.jpg"], ["rating", 8.6], ["created_at", "2022-05-20 10:00:56.746010"], ["updated_at", "2022-05-20 10:00:56.746010"]]
  [1m[36mTRANSACTION (0.5ms)[0m  [1m[35mCOMMIT[0m
  [1m[36mTRANSACTION (0.3ms)[0m  [1m[35mBEGIN[0m
  [1m[36mMovie Exists? (0.4ms)[0m  [1m[34mSELECT 1 AS one FROM "movies" WHERE "movies"."title" = $1 LIMIT $2[0m  [["title", "Impossible Things"], ["LIMIT", 1]]
  [1m[36mMovie Create (1.5ms)[0m  [1m[32mINSERT INTO "movies" ("title", "overview", "poster_url", "rating", "created_at", "updated_at") VALUES ($1, $2, $3, $4, $5, $6) RETURNING "id"[0m  [["title", "Impossible Things"], ["overview", "A widow who is tormented by the memory of her abusive husband befriends a young man."], ["poster_url", "https://image.tmdb.org/t/p/original/ryr532va3rN7MADPAO2updA4Akz.jpg"], ["rating", 8.6], ["created_at", "2022-05-20 10:00:56.754245"], ["updated_at", "2022-05-20 10:00:56.754245"]]
  [1m[36mTRANSACTION (0.4ms)[0m  [1m[35mCOMMIT[0m
  [1m[36mTRANSACTION (0.1ms)[0m  [1m[35mBEGIN[0m
  [1m[36mMovie Exists? (0.2ms)[0m  [1m[34mSELECT 1 AS one FROM "movies" WHERE "movies"."title" = $1 LIMIT $2[0m  [["title", "Dou kyu sei – Classmates"], ["LIMIT", 1]]
  [1m[36mMovie Create (0.2ms)[0m  [1m[32mINSERT INTO "movies" ("title", "overview", "poster_url", "rating", "created_at", "updated_at") VALUES ($1, $2, $3, $4, $5, $6) RETURNING "id"[0m  [["title", "Dou kyu sei – Classmates"], ["overview", "Rihito Sajo, an honor student with a perfect score on the entrance exam and Hikaru Kusakabe, in a band and popular among girls, would have never crossed paths. Until one day they started talking at the practice for their school’s upcoming chorus festival. After school, the two meet regularly, as Hikaru helps Rihito to improve his singing skills. While they listen to each other’s voice and harmonize, their hearts start to beat together."], ["poster_url", "https://image.tmdb.org/t/p/original/3RMLbSEXOn1CzLoNT7xFeLfdxhq.jpg"], ["rating", 8.6], ["created_at", "2022-05-20 10:00:56.760981"], ["updated_at", "2022-05-20 10:00:56.760981"]]
  [1m[36mTRANSACTION (0.8ms)[0m  [1m[35mCOMMIT[0m
  [1m[36mTRANSACTION (0.1ms)[0m  [1m[35mBEGIN[0m
  [1m[36mMovie Exists? (0.2ms)[0m  [1m[34mSELECT 1 AS one FROM "movies" WHERE "movies"."title" = $1 LIMIT $2[0m  [["title", "Spirited Away"], ["LIMIT", 1]]
  [1m[36mMovie Create (0.2ms)[0m  [1m[32mINSERT INTO "movies" ("title", "overview", "poster_url", "rating", "created_at", "updated_at") VALUES ($1, $2, $3, $4, $5, $6) RETURNING "id"[0m  [["title", "Spirited Away"], ["overview", "A young girl, Chihiro, becomes trapped in a strange new world of spirits. When her parents undergo a mysterious transformation, she must call upon the courage she never knew she had to free her family."], ["poster_url", "https://image.tmdb.org/t/p/original/hZth9NCeXvvO7Xi98d8q34e1Ier.jpg"], ["rating", 8.5], ["created_at", "2022-05-20 10:00:56.767237"], ["updated_at", "2022-05-20 10:00:56.767237"]]
  [1m[36mTRANSACTION (0.6ms)[0m  [1m[35mCOMMIT[0m
  [1m[36mTRANSACTION (3.3ms)[0m  [1m[35mBEGIN[0m
  [1m[36mMovie Exists? (1.4ms)[0m  [1m[34mSELECT 1 AS one FROM "movies" WHERE "movies"."title" = $1 LIMIT $2[0m  [["title", "Gabriel's Inferno"], ["LIMIT", 1]]
  [1m[36mMovie Create (0.3ms)[0m  [1m[32mINSERT INTO "movies" ("title", "overview", "poster_url", "rating", "created_at", "updated_at") VALUES ($1, $2, $3, $4, $5, $6) RETURNING "id"[0m  [["title", "Gabriel's Inferno"], ["overview", "An intriguing and sinful exploration of seduction, forbidden love, and redemption, Gabriel's Inferno is a captivating and wildly passionate tale of one man's escape from his own personal hell as he tries to earn the impossible--forgiveness and love."], ["poster_url", "https://image.tmdb.org/t/p/original/w2uGvCpMtvRqZg6waC1hvLyZoJa.jpg"], ["rating", 8.5], ["created_at", "2022-05-20 10:00:56.778261"], ["updated_at", "2022-05-20 10:00:56.778261"]]
  [1m[36mTRANSACTION (0.8ms)[0m  [1m[35mCOMMIT[0m
  [1m[36mTRANSACTION (0.1ms)[0m  [1m[35mBEGIN[0m
  [1m[36mMovie Exists? (0.2ms)[0m  [1m[34mSELECT 1 AS one FROM "movies" WHERE "movies"."title" = $1 LIMIT $2[0m  [["title", "Your Name."], ["LIMIT", 1]]
  [1m[36mMovie Create (0.2ms)[0m  [1m[32mINSERT INTO "movies" ("title", "overview", "poster_url", "rating", "created_at", "updated_at") VALUES ($1, $2, $3, $4, $5, $6) RETURNING "id"[0m  [["title", "Your Name."], ["overview", "High schoolers Mitsuha and Taki are complete strangers living separate lives. But one night, they suddenly switch places. Mitsuha wakes up in Taki’s body, and he in hers. This bizarre occurrence continues to happen randomly, and the two must adjust their lives around each other."], ["poster_url", "https://image.tmdb.org/t/p/original/mMtUybQ6hL24FXo0F3Z4j2KG7kZ.jpg"], ["rating", 8.5], ["created_at", "2022-05-20 10:00:56.784930"], ["updated_at", "2022-05-20 10:00:56.784930"]]
  [1m[36mTRANSACTION (0.5ms)[0m  [1m[35mCOMMIT[0m
  [1m[36mTRANSACTION (0.1ms)[0m  [1m[35mBEGIN[0m
  [1m[36mMovie Exists? (0.2ms)[0m  [1m[34mSELECT 1 AS one FROM "movies" WHERE "movies"."title" = $1 LIMIT $2[0m  [["title", "Gabriel's Inferno: Part II"], ["LIMIT", 1]]
  [1m[36mMovie Create (0.3ms)[0m  [1m[32mINSERT INTO "movies" ("title", "overview", "poster_url", "rating", "created_at", "updated_at") VALUES ($1, $2, $3, $4, $5, $6) RETURNING "id"[0m  [["title", "Gabriel's Inferno: Part II"], ["overview", "Professor Gabriel Emerson finally learns the truth about Julia Mitchell's identity, but his realization comes a moment too late. Julia is done waiting for the well-respected Dante specialist to remember her and wants nothing more to do with him. Can Gabriel win back her heart before she finds love in another's arms?"], ["poster_url", "https://image.tmdb.org/t/p/original/jtAI6OJIWLWiRItNSZoWjrsUtmi.jpg"], ["rating", 8.5], ["created_at", "2022-05-20 10:00:56.792895"], ["updated_at", "2022-05-20 10:00:56.792895"]]
  [1m[36mTRANSACTION (6.4ms)[0m  [1m[35mCOMMIT[0m
  [1m[36mTRANSACTION (0.1ms)[0m  [1m[35mBEGIN[0m
  [1m[36mMovie Exists? (0.3ms)[0m  [1m[34mSELECT 1 AS one FROM "movies" WHERE "movies"."title" = $1 LIMIT $2[0m  [["title", "Parasite"], ["LIMIT", 1]]
  [1m[36mMovie Create (0.3ms)[0m  [1m[32mINSERT INTO "movies" ("title", "overview", "poster_url", "rating", "created_at", "updated_at") VALUES ($1, $2, $3, $4, $5, $6) RETURNING "id"[0m  [["title", "Parasite"], ["overview", "All unemployed, Ki-taek's family takes peculiar interest in the wealthy and glamorous Parks for their livelihood until they get entangled in an unexpected incident."], ["poster_url", "https://image.tmdb.org/t/p/original/TU9NIjwzjoKPwQHoHshkFcQUCG.jpg"], ["rating", 8.5], ["created_at", "2022-05-20 10:00:56.807078"], ["updated_at", "2022-05-20 10:00:56.807078"]]
  [1m[36mTRANSACTION (0.4ms)[0m  [1m[35mCOMMIT[0m
  [1m[36mTRANSACTION (0.1ms)[0m  [1m[35mBEGIN[0m
  [1m[36mMovie Exists? (0.6ms)[0m  [1m[34mSELECT 1 AS one FROM "movies" WHERE "movies"."title" = $1 LIMIT $2[0m  [["title", "12 Angry Men"], ["LIMIT", 1]]
  [1m[36mMovie Create (0.3ms)[0m  [1m[32mINSERT INTO "movies" ("title", "overview", "poster_url", "rating", "created_at", "updated_at") VALUES ($1, $2, $3, $4, $5, $6) RETURNING "id"[0m  [["title", "12 Angry Men"], ["overview", "The defense and the prosecution have rested and the jury is filing into the jury room to decide if a young Spanish-American is guilty or innocent of murdering his father. What begins as an open and shut case soon becomes a mini-drama of each of the jurors' prejudices and preconceptions about the trial, the accused, and each other."], ["poster_url", "https://image.tmdb.org/t/p/original/qqHQsStV6exghCM7zbObuYBiYxw.jpg"], ["rating", 8.5], ["created_at", "2022-05-20 10:00:56.813573"], ["updated_at", "2022-05-20 10:00:56.813573"]]
  [1m[36mTRANSACTION (0.4ms)[0m  [1m[35mCOMMIT[0m
  [1m[36mTRANSACTION (0.1ms)[0m  [1m[35mBEGIN[0m
  [1m[36mMovie Exists? (0.4ms)[0m  [1m[34mSELECT 1 AS one FROM "movies" WHERE "movies"."title" = $1 LIMIT $2[0m  [["title", "The Green Mile"], ["LIMIT", 1]]
  [1m[36mMovie Create (1.1ms)[0m  [1m[32mINSERT INTO "movies" ("title", "overview", "poster_url", "rating", "created_at", "updated_at") VALUES ($1, $2, $3, $4, $5, $6) RETURNING "id"[0m  [["title", "The Green Mile"], ["overview", "A supernatural tale set on death row in a Southern prison, where gentle giant John Coffey possesses the mysterious power to heal people's ailments. When the cell block's head guard, Paul Edgecomb, recognizes Coffey's miraculous gift, he tries desperately to help stave off the condemned man's execution."], ["poster_url", "https://image.tmdb.org/t/p/original/l6hQWH9eDksNJNiXWYRkWqikOdu.jpg"], ["rating", 8.5], ["created_at", "2022-05-20 10:00:56.822028"], ["updated_at", "2022-05-20 10:00:56.822028"]]
  [1m[36mTRANSACTION (0.4ms)[0m  [1m[35mCOMMIT[0m
  [1m[36mTRANSACTION (1.2ms)[0m  [1m[35mBEGIN[0m
  [1m[36mMovie Exists? (0.2ms)[0m  [1m[34mSELECT 1 AS one FROM "movies" WHERE "movies"."title" = $1 LIMIT $2[0m  [["title", "Gabriel's Inferno: Part III"], ["LIMIT", 1]]
  [1m[36mMovie Create (0.2ms)[0m  [1m[32mINSERT INTO "movies" ("title", "overview", "poster_url", "rating", "created_at", "updated_at") VALUES ($1, $2, $3, $4, $5, $6) RETURNING "id"[0m  [["title", "Gabriel's Inferno: Part III"], ["overview", "The final part of the film adaption of the erotic romance novel Gabriel's Inferno written by an anonymous Canadian author under the pen name Sylvain Reynard."], ["poster_url", "https://image.tmdb.org/t/p/original/fQq1FWp1rC89xDrRMuyFJdFUdMd.jpg"], ["rating", 8.5], ["created_at", "2022-05-20 10:00:56.830690"], ["updated_at", "2022-05-20 10:00:56.830690"]]
  [1m[36mTRANSACTION (0.4ms)[0m  [1m[35mCOMMIT[0m
  [1m[36mTRANSACTION (0.1ms)[0m  [1m[35mBEGIN[0m
  [1m[36mMovie Exists? (0.2ms)[0m  [1m[34mSELECT 1 AS one FROM "movies" WHERE "movies"."title" = $1 LIMIT $2[0m  [["title", "The Dark Knight"], ["LIMIT", 1]]
  [1m[36mMovie Create (0.6ms)[0m  [1m[32mINSERT INTO "movies" ("title", "overview", "poster_url", "rating", "created_at", "updated_at") VALUES ($1, $2, $3, $4, $5, $6) RETURNING "id"[0m  [["title", "The Dark Knight"], ["overview", "Batman raises the stakes in his war on crime. With the help of Lt. Jim Gordon and District Attorney Harvey Dent, Batman sets out to dismantle the remaining criminal organizations that plague the streets. The partnership proves to be effective, but they soon find themselves prey to a reign of chaos unleashed by a rising criminal mastermind known to the terrified citizens of Gotham as the Joker."], ["poster_url", "https://image.tmdb.org/t/p/original/nMKdUUepR0i5zn0y1T4CsSB5chy.jpg"], ["rating", 8.5], ["created_at", "2022-05-20 10:00:56.835631"], ["updated_at", "2022-05-20 10:00:56.835631"]]
  [1m[36mTRANSACTION (2.1ms)[0m  [1m[35mCOMMIT[0m
  [1m[36mTRANSACTION (0.1ms)[0m  [1m[35mBEGIN[0m
  [1m[36mMovie Exists? (0.6ms)[0m  [1m[34mSELECT 1 AS one FROM "movies" WHERE "movies"."title" = $1 LIMIT $2[0m  [["title", "Josee, the Tiger and the Fish"], ["LIMIT", 1]]
  [1m[36mMovie Create (0.2ms)[0m  [1m[32mINSERT INTO "movies" ("title", "overview", "poster_url", "rating", "created_at", "updated_at") VALUES ($1, $2, $3, $4, $5, $6) RETURNING "id"[0m  [["title", "Josee, the Tiger and the Fish"], ["overview", "With dreams of diving abroad, Tsuneo gets a job assisting Josee, an artist whose imagination takes her far beyond her wheelchair. But when the tide turns against them, they push each other to places they never thought possible, and inspire a love fit for a storybook."], ["poster_url", "https://image.tmdb.org/t/p/original/i1GT0e6Crg6UezT3ibXnMS3pBAd.jpg"], ["rating", 8.5], ["created_at", "2022-05-20 10:00:56.845551"], ["updated_at", "2022-05-20 10:00:56.845551"]]
  [1m[36mTRANSACTION (0.4ms)[0m  [1m[35mCOMMIT[0m
  [1m[36mTRANSACTION (0.1ms)[0m  [1m[35mBEGIN[0m
  [1m[36mMovie Exists? (0.2ms)[0m  [1m[34mSELECT 1 AS one FROM "movies" WHERE "movies"."title" = $1 LIMIT $2[0m  [["title", "Pulp Fiction"], ["LIMIT", 1]]
  [1m[36mMovie Create (0.2ms)[0m  [1m[32mINSERT INTO "movies" ("title", "overview", "poster_url", "rating", "created_at", "updated_at") VALUES ($1, $2, $3, $4, $5, $6) RETURNING "id"[0m  [["title", "Pulp Fiction"], ["overview", "A burger-loving hit man, his philosophical partner, a drug-addled gangster's moll and a washed-up boxer converge in this sprawling, comedic crime caper. Their adventures unfurl in three stories that ingeniously trip back and forth in time."], ["poster_url", "https://image.tmdb.org/t/p/original/suaEOtk1N1sgg2MTM7oZd2cfVp3.jpg"], ["rating", 8.5], ["created_at", "2022-05-20 10:00:56.850546"], ["updated_at", "2022-05-20 10:00:56.850546"]]
  [1m[36mTRANSACTION (0.5ms)[0m  [1m[35mCOMMIT[0m
  [1m[36mTRANSACTION (0.1ms)[0m  [1m[35mBEGIN[0m
  [1m[36mMovie Exists? (0.8ms)[0m  [1m[34mSELECT 1 AS one FROM "movies" WHERE "movies"."title" = $1 LIMIT $2[0m  [["title", "The Good, the Bad and the Ugly"], ["LIMIT", 1]]
  [1m[36mMovie Create (0.5ms)[0m  [1m[32mINSERT INTO "movies" ("title", "overview", "poster_url", "rating", "created_at", "updated_at") VALUES ($1, $2, $3, $4, $5, $6) RETURNING "id"[0m  [["title", "The Good, the Bad and the Ugly"], ["overview", "While the Civil War rages between the Union and the Confederacy, three men – a quiet loner, a ruthless hit man and a Mexican bandit – comb the American Southwest in search of a strongbox containing $200,000 in stolen gold."], ["poster_url", "https://image.tmdb.org/t/p/original/x4biAVdPVCghBlsVIzB6NmbghIz.jpg"], ["rating", 8.5], ["created_at", "2022-05-20 10:00:56.858060"], ["updated_at", "2022-05-20 10:00:56.858060"]]
  [1m[36mTRANSACTION (0.6ms)[0m  [1m[35mCOMMIT[0m
  [1m[36mTRANSACTION (0.1ms)[0m  [1m[35mBEGIN[0m
  [1m[36mMovie Exists? (0.2ms)[0m  [1m[34mSELECT 1 AS one FROM "movies" WHERE "movies"."title" = $1 LIMIT $2[0m  [["title", "The Shawshank Redemption"], ["LIMIT", 1]]
  [1m[36mTRANSACTION (0.1ms)[0m  [1m[31mROLLBACK[0m
  [1m[36mTRANSACTION (0.1ms)[0m  [1m[35mBEGIN[0m
  [1m[36mMovie Exists? (0.2ms)[0m  [1m[34mSELECT 1 AS one FROM "movies" WHERE "movies"."title" = $1 LIMIT $2[0m  [["title", "Dilwale Dulhania Le Jayenge"], ["LIMIT", 1]]
  [1m[36mTRANSACTION (0.1ms)[0m  [1m[31mROLLBACK[0m
  [1m[36mTRANSACTION (0.1ms)[0m  [1m[35mBEGIN[0m
  [1m[36mMovie Exists? (0.3ms)[0m  [1m[34mSELECT 1 AS one FROM "movies" WHERE "movies"."title" = $1 LIMIT $2[0m  [["title", "The Godfather"], ["LIMIT", 1]]
  [1m[36mTRANSACTION (1.6ms)[0m  [1m[31mROLLBACK[0m
  [1m[36mTRANSACTION (1.2ms)[0m  [1m[35mBEGIN[0m
  [1m[36mMovie Exists? (0.2ms)[0m  [1m[34mSELECT 1 AS one FROM "movies" WHERE "movies"."title" = $1 LIMIT $2[0m  [["title", "Everything Everywhere All at Once"], ["LIMIT", 1]]
  [1m[36mTRANSACTION (0.1ms)[0m  [1m[31mROLLBACK[0m
  [1m[36mTRANSACTION (0.1ms)[0m  [1m[35mBEGIN[0m
  [1m[36mMovie Exists? (0.3ms)[0m  [1m[34mSELECT 1 AS one FROM "movies" WHERE "movies"."title" = $1 LIMIT $2[0m  [["title", "Schindler's List"], ["LIMIT", 1]]
  [1m[36mTRANSACTION (0.1ms)[0m  [1m[31mROLLBACK[0m
  [1m[36mTRANSACTION (0.1ms)[0m  [1m[35mBEGIN[0m
  [1m[36mMovie Exists? (0.2ms)[0m  [1m[34mSELECT 1 AS one FROM "movies" WHERE "movies"."title" = $1 LIMIT $2[0m  [["title", "The Godfather: Part II"], ["LIMIT", 1]]
  [1m[36mTRANSACTION (0.2ms)[0m  [1m[31mROLLBACK[0m
  [1m[36mTRANSACTION (1.5ms)[0m  [1m[35mBEGIN[0m
  [1m[36mMovie Exists? (0.3ms)[0m  [1m[34mSELECT 1 AS one FROM "movies" WHERE "movies"."title" = $1 LIMIT $2[0m  [["title", "Impossible Things"], ["LIMIT", 1]]
  [1m[36mTRANSACTION (0.1ms)[0m  [1m[31mROLLBACK[0m
  [1m[36mTRANSACTION (0.1ms)[0m  [1m[35mBEGIN[0m
  [1m[36mMovie Exists? (0.2ms)[0m  [1m[34mSELECT 1 AS one FROM "movies" WHERE "movies"."title" = $1 LIMIT $2[0m  [["title", "Dou kyu sei – Classmates"], ["LIMIT", 1]]
  [1m[36mTRANSACTION (0.3ms)[0m  [1m[31mROLLBACK[0m
  [1m[36mTRANSACTION (0.2ms)[0m  [1m[35mBEGIN[0m
  [1m[36mMovie Exists? (0.2ms)[0m  [1m[34mSELECT 1 AS one FROM "movies" WHERE "movies"."title" = $1 LIMIT $2[0m  [["title", "Spirited Away"], ["LIMIT", 1]]
  [1m[36mTRANSACTION (0.1ms)[0m  [1m[31mROLLBACK[0m
  [1m[36mTRANSACTION (0.7ms)[0m  [1m[35mBEGIN[0m
  [1m[36mMovie Exists? (0.8ms)[0m  [1m[34mSELECT 1 AS one FROM "movies" WHERE "movies"."title" = $1 LIMIT $2[0m  [["title", "Gabriel's Inferno"], ["LIMIT", 1]]
  [1m[36mTRANSACTION (0.1ms)[0m  [1m[31mROLLBACK[0m
  [1m[36mTRANSACTION (0.1ms)[0m  [1m[35mBEGIN[0m
  [1m[36mMovie Exists? (0.3ms)[0m  [1m[34mSELECT 1 AS one FROM "movies" WHERE "movies"."title" = $1 LIMIT $2[0m  [["title", "Your Name."], ["LIMIT", 1]]
  [1m[36mTRANSACTION (0.1ms)[0m  [1m[31mROLLBACK[0m
  [1m[36mTRANSACTION (0.1ms)[0m  [1m[35mBEGIN[0m
  [1m[36mMovie Exists? (0.2ms)[0m  [1m[34mSELECT 1 AS one FROM "movies" WHERE "movies"."title" = $1 LIMIT $2[0m  [["title", "Gabriel's Inferno: Part II"], ["LIMIT", 1]]
  [1m[36mTRANSACTION (0.1ms)[0m  [1m[31mROLLBACK[0m
  [1m[36mTRANSACTION (0.1ms)[0m  [1m[35mBEGIN[0m
  [1m[36mMovie Exists? (0.2ms)[0m  [1m[34mSELECT 1 AS one FROM "movies" WHERE "movies"."title" = $1 LIMIT $2[0m  [["title", "Parasite"], ["LIMIT", 1]]
  [1m[36mTRANSACTION (0.1ms)[0m  [1m[31mROLLBACK[0m
  [1m[36mTRANSACTION (0.1ms)[0m  [1m[35mBEGIN[0m
  [1m[36mMovie Exists? (0.2ms)[0m  [1m[34mSELECT 1 AS one FROM "movies" WHERE "movies"."title" = $1 LIMIT $2[0m  [["title", "12 Angry Men"], ["LIMIT", 1]]
  [1m[36mTRANSACTION (0.1ms)[0m  [1m[31mROLLBACK[0m
  [1m[36mTRANSACTION (0.1ms)[0m  [1m[35mBEGIN[0m
  [1m[36mMovie Exists? (0.2ms)[0m  [1m[34mSELECT 1 AS one FROM "movies" WHERE "movies"."title" = $1 LIMIT $2[0m  [["title", "The Green Mile"], ["LIMIT", 1]]
  [1m[36mTRANSACTION (0.1ms)[0m  [1m[31mROLLBACK[0m
  [1m[36mTRANSACTION (0.1ms)[0m  [1m[35mBEGIN[0m
  [1m[36mMovie Exists? (0.2ms)[0m  [1m[34mSELECT 1 AS one FROM "movies" WHERE "movies"."title" = $1 LIMIT $2[0m  [["title", "Gabriel's Inferno: Part III"], ["LIMIT", 1]]
  [1m[36mTRANSACTION (0.2ms)[0m  [1m[31mROLLBACK[0m
  [1m[36mTRANSACTION (0.6ms)[0m  [1m[35mBEGIN[0m
  [1m[36mMovie Exists? (0.2ms)[0m  [1m[34mSELECT 1 AS one FROM "movies" WHERE "movies"."title" = $1 LIMIT $2[0m  [["title", "The Dark Knight"], ["LIMIT", 1]]
  [1m[36mTRANSACTION (0.1ms)[0m  [1m[31mROLLBACK[0m
  [1m[36mTRANSACTION (0.1ms)[0m  [1m[35mBEGIN[0m
  [1m[36mMovie Exists? (0.2ms)[0m  [1m[34mSELECT 1 AS one FROM "movies" WHERE "movies"."title" = $1 LIMIT $2[0m  [["title", "Josee, the Tiger and the Fish"], ["LIMIT", 1]]
  [1m[36mTRANSACTION (0.1ms)[0m  [1m[31mROLLBACK[0m
  [1m[36mTRANSACTION (0.3ms)[0m  [1m[35mBEGIN[0m
  [1m[36mMovie Exists? (0.2ms)[0m  [1m[34mSELECT 1 AS one FROM "movies" WHERE "movies"."title" = $1 LIMIT $2[0m  [["title", "Pulp Fiction"], ["LIMIT", 1]]
  [1m[36mTRANSACTION (0.1ms)[0m  [1m[31mROLLBACK[0m
  [1m[36mTRANSACTION (0.1ms)[0m  [1m[35mBEGIN[0m
  [1m[36mMovie Exists? (0.2ms)[0m  [1m[34mSELECT 1 AS one FROM "movies" WHERE "movies"."title" = $1 LIMIT $2[0m  [["title", "The Good, the Bad and the Ugly"], ["LIMIT", 1]]
  [1m[36mTRANSACTION (0.1ms)[0m  [1m[31mROLLBACK[0m
  [1m[36mTRANSACTION (0.1ms)[0m  [1m[35mBEGIN[0m
  [1m[36mMovie Exists? (0.2ms)[0m  [1m[34mSELECT 1 AS one FROM "movies" WHERE "movies"."title" = $1 LIMIT $2[0m  [["title", "The Shawshank Redemption"], ["LIMIT", 1]]
  [1m[36mTRANSACTION (0.2ms)[0m  [1m[31mROLLBACK[0m
  [1m[36mTRANSACTION (0.1ms)[0m  [1m[35mBEGIN[0m
  [1m[36mMovie Exists? (0.2ms)[0m  [1m[34mSELECT 1 AS one FROM "movies" WHERE "movies"."title" = $1 LIMIT $2[0m  [["title", "Dilwale Dulhania Le Jayenge"], ["LIMIT", 1]]
  [1m[36mTRANSACTION (0.1ms)[0m  [1m[31mROLLBACK[0m
  [1m[36mTRANSACTION (0.1ms)[0m  [1m[35mBEGIN[0m
  [1m[36mMovie Exists? (0.3ms)[0m  [1m[34mSELECT 1 AS one FROM "movies" WHERE "movies"."title" = $1 LIMIT $2[0m  [["title", "The Godfather"], ["LIMIT", 1]]
  [1m[36mTRANSACTION (2.7ms)[0m  [1m[31mROLLBACK[0m
  [1m[36mTRANSACTION (0.6ms)[0m  [1m[35mBEGIN[0m
  [1m[36mMovie Exists? (0.2ms)[0m  [1m[34mSELECT 1 AS one FROM "movies" WHERE "movies"."title" = $1 LIMIT $2[0m  [["title", "Everything Everywhere All at Once"], ["LIMIT", 1]]
  [1m[36mTRANSACTION (0.1ms)[0m  [1m[31mROLLBACK[0m
  [1m[36mTRANSACTION (0.1ms)[0m  [1m[35mBEGIN[0m
  [1m[36mMovie Exists? (0.2ms)[0m  [1m[34mSELECT 1 AS one FROM "movies" WHERE "movies"."title" = $1 LIMIT $2[0m  [["title", "Schindler's List"], ["LIMIT", 1]]
  [1m[36mTRANSACTION (0.1ms)[0m  [1m[31mROLLBACK[0m
  [1m[36mTRANSACTION (0.1ms)[0m  [1m[35mBEGIN[0m
  [1m[36mMovie Exists? (0.2ms)[0m  [1m[34mSELECT 1 AS one FROM "movies" WHERE "movies"."title" = $1 LIMIT $2[0m  [["title", "The Godfather: Part II"], ["LIMIT", 1]]
  [1m[36mTRANSACTION (0.1ms)[0m  [1m[31mROLLBACK[0m
  [1m[36mTRANSACTION (0.1ms)[0m  [1m[35mBEGIN[0m
  [1m[36mMovie Exists? (2.9ms)[0m  [1m[34mSELECT 1 AS one FROM "movies" WHERE "movies"."title" = $1 LIMIT $2[0m  [["title", "Impossible Things"], ["LIMIT", 1]]
  [1m[36mTRANSACTION (0.1ms)[0m  [1m[31mROLLBACK[0m
  [1m[36mTRANSACTION (0.1ms)[0m  [1m[35mBEGIN[0m
  [1m[36mMovie Exists? (0.2ms)[0m  [1m[34mSELECT 1 AS one FROM "movies" WHERE "movies"."title" = $1 LIMIT $2[0m  [["title", "Dou kyu sei – Classmates"], ["LIMIT", 1]]
  [1m[36mTRANSACTION (0.2ms)[0m  [1m[31mROLLBACK[0m
  [1m[36mTRANSACTION (0.1ms)[0m  [1m[35mBEGIN[0m
  [1m[36mMovie Exists? (0.2ms)[0m  [1m[34mSELECT 1 AS one FROM "movies" WHERE "movies"."title" = $1 LIMIT $2[0m  [["title", "Spirited Away"], ["LIMIT", 1]]
  [1m[36mTRANSACTION (0.2ms)[0m  [1m[31mROLLBACK[0m
  [1m[36mTRANSACTION (0.1ms)[0m  [1m[35mBEGIN[0m
  [1m[36mMovie Exists? (0.4ms)[0m  [1m[34mSELECT 1 AS one FROM "movies" WHERE "movies"."title" = $1 LIMIT $2[0m  [["title", "Gabriel's Inferno"], ["LIMIT", 1]]
  [1m[36mTRANSACTION (0.1ms)[0m  [1m[31mROLLBACK[0m
  [1m[36mTRANSACTION (0.1ms)[0m  [1m[35mBEGIN[0m
  [1m[36mMovie Exists? (0.7ms)[0m  [1m[34mSELECT 1 AS one FROM "movies" WHERE "movies"."title" = $1 LIMIT $2[0m  [["title", "Your Name."], ["LIMIT", 1]]
  [1m[36mTRANSACTION (0.1ms)[0m  [1m[31mROLLBACK[0m
  [1m[36mTRANSACTION (0.2ms)[0m  [1m[35mBEGIN[0m
  [1m[36mMovie Exists? (0.2ms)[0m  [1m[34mSELECT 1 AS one FROM "movies" WHERE "movies"."title" = $1 LIMIT $2[0m  [["title", "Gabriel's Inferno: Part II"], ["LIMIT", 1]]
  [1m[36mTRANSACTION (0.1ms)[0m  [1m[31mROLLBACK[0m
  [1m[36mTRANSACTION (0.1ms)[0m  [1m[35mBEGIN[0m
  [1m[36mMovie Exists? (0.2ms)[0m  [1m[34mSELECT 1 AS one FROM "movies" WHERE "movies"."title" = $1 LIMIT $2[0m  [["title", "Parasite"], ["LIMIT", 1]]
  [1m[36mTRANSACTION (0.1ms)[0m  [1m[31mROLLBACK[0m
  [1m[36mTRANSACTION (0.1ms)[0m  [1m[35mBEGIN[0m
  [1m[36mMovie Exists? (0.2ms)[0m  [1m[34mSELECT 1 AS one FROM "movies" WHERE "movies"."title" = $1 LIMIT $2[0m  [["title", "12 Angry Men"], ["LIMIT", 1]]
  [1m[36mTRANSACTION (0.1ms)[0m  [1m[31mROLLBACK[0m
  [1m[36mTRANSACTION (0.1ms)[0m  [1m[35mBEGIN[0m
  [1m[36mMovie Exists? (0.2ms)[0m  [1m[34mSELECT 1 AS one FROM "movies" WHERE "movies"."title" = $1 LIMIT $2[0m  [["title", "The Green Mile"], ["LIMIT", 1]]
  [1m[36mTRANSACTION (0.1ms)[0m  [1m[31mROLLBACK[0m
  [1m[36mTRANSACTION (0.1ms)[0m  [1m[35mBEGIN[0m
  [1m[36mMovie Exists? (0.2ms)[0m  [1m[34mSELECT 1 AS one FROM "movies" WHERE "movies"."title" = $1 LIMIT $2[0m  [["title", "Gabriel's Inferno: Part III"], ["LIMIT", 1]]
  [1m[36mTRANSACTION (0.1ms)[0m  [1m[31mROLLBACK[0m
  [1m[36mTRANSACTION (0.1ms)[0m  [1m[35mBEGIN[0m
  [1m[36mMovie Exists? (0.2ms)[0m  [1m[34mSELECT 1 AS one FROM "movies" WHERE "movies"."title" = $1 LIMIT $2[0m  [["title", "The Dark Knight"], ["LIMIT", 1]]
  [1m[36mTRANSACTION (0.1ms)[0m  [1m[31mROLLBACK[0m
  [1m[36mTRANSACTION (0.1ms)[0m  [1m[35mBEGIN[0m
  [1m[36mMovie Exists? (0.2ms)[0m  [1m[34mSELECT 1 AS one FROM "movies" WHERE "movies"."title" = $1 LIMIT $2[0m  [["title", "Josee, the Tiger and the Fish"], ["LIMIT", 1]]
  [1m[36mTRANSACTION (1.5ms)[0m  [1m[31mROLLBACK[0m
  [1m[36mTRANSACTION (0.2ms)[0m  [1m[35mBEGIN[0m
  [1m[36mMovie Exists? (0.2ms)[0m  [1m[34mSELECT 1 AS one FROM "movies" WHERE "movies"."title" = $1 LIMIT $2[0m  [["title", "Pulp Fiction"], ["LIMIT", 1]]
  [1m[36mTRANSACTION (0.1ms)[0m  [1m[31mROLLBACK[0m
  [1m[36mTRANSACTION (0.1ms)[0m  [1m[35mBEGIN[0m
  [1m[36mMovie Exists? (0.2ms)[0m  [1m[34mSELECT 1 AS one FROM "movies" WHERE "movies"."title" = $1 LIMIT $2[0m  [["title", "The Good, the Bad and the Ugly"], ["LIMIT", 1]]
  [1m[36mTRANSACTION (0.2ms)[0m  [1m[31mROLLBACK[0m
  [1m[36mTRANSACTION (0.1ms)[0m  [1m[35mBEGIN[0m
  [1m[36mMovie Exists? (0.2ms)[0m  [1m[34mSELECT 1 AS one FROM "movies" WHERE "movies"."title" = $1 LIMIT $2[0m  [["title", "The Shawshank Redemption"], ["LIMIT", 1]]
  [1m[36mTRANSACTION (0.1ms)[0m  [1m[31mROLLBACK[0m
  [1m[36mTRANSACTION (0.1ms)[0m  [1m[35mBEGIN[0m
  [1m[36mMovie Exists? (0.2ms)[0m  [1m[34mSELECT 1 AS one FROM "movies" WHERE "movies"."title" = $1 LIMIT $2[0m  [["title", "Dilwale Dulhania Le Jayenge"], ["LIMIT", 1]]
  [1m[36mTRANSACTION (0.1ms)[0m  [1m[31mROLLBACK[0m
  [1m[36mTRANSACTION (0.1ms)[0m  [1m[35mBEGIN[0m
  [1m[36mMovie Exists? (0.2ms)[0m  [1m[34mSELECT 1 AS one FROM "movies" WHERE "movies"."title" = $1 LIMIT $2[0m  [["title", "The Godfather"], ["LIMIT", 1]]
  [1m[36mTRANSACTION (0.2ms)[0m  [1m[31mROLLBACK[0m
  [1m[36mTRANSACTION (0.7ms)[0m  [1m[35mBEGIN[0m
  [1m[36mMovie Exists? (1.3ms)[0m  [1m[34mSELECT 1 AS one FROM "movies" WHERE "movies"."title" = $1 LIMIT $2[0m  [["title", "Everything Everywhere All at Once"], ["LIMIT", 1]]
  [1m[36mTRANSACTION (0.1ms)[0m  [1m[31mROLLBACK[0m
  [1m[36mTRANSACTION (0.1ms)[0m  [1m[35mBEGIN[0m
  [1m[36mMovie Exists? (0.2ms)[0m  [1m[34mSELECT 1 AS one FROM "movies" WHERE "movies"."title" = $1 LIMIT $2[0m  [["title", "Schindler's List"], ["LIMIT", 1]]
  [1m[36mTRANSACTION (0.2ms)[0m  [1m[31mROLLBACK[0m
  [1m[36mTRANSACTION (0.1ms)[0m  [1m[35mBEGIN[0m
  [1m[36mMovie Exists? (0.2ms)[0m  [1m[34mSELECT 1 AS one FROM "movies" WHERE "movies"."title" = $1 LIMIT $2[0m  [["title", "The Godfather: Part II"], ["LIMIT", 1]]
  [1m[36mTRANSACTION (0.1ms)[0m  [1m[31mROLLBACK[0m
  [1m[36mTRANSACTION (0.1ms)[0m  [1m[35mBEGIN[0m
  [1m[36mMovie Exists? (0.4ms)[0m  [1m[34mSELECT 1 AS one FROM "movies" WHERE "movies"."title" = $1 LIMIT $2[0m  [["title", "Impossible Things"], ["LIMIT", 1]]
  [1m[36mTRANSACTION (0.2ms)[0m  [1m[31mROLLBACK[0m
  [1m[36mTRANSACTION (0.3ms)[0m  [1m[35mBEGIN[0m
  [1m[36mMovie Exists? (1.4ms)[0m  [1m[34mSELECT 1 AS one FROM "movies" WHERE "movies"."title" = $1 LIMIT $2[0m  [["title", "Dou kyu sei – Classmates"], ["LIMIT", 1]]
  [1m[36mTRANSACTION (6.6ms)[0m  [1m[31mROLLBACK[0m
  [1m[36mTRANSACTION (0.1ms)[0m  [1m[35mBEGIN[0m
  [1m[36mMovie Exists? (0.3ms)[0m  [1m[34mSELECT 1 AS one FROM "movies" WHERE "movies"."title" = $1 LIMIT $2[0m  [["title", "Spirited Away"], ["LIMIT", 1]]
  [1m[36mTRANSACTION (4.8ms)[0m  [1m[31mROLLBACK[0m
  [1m[36mTRANSACTION (0.1ms)[0m  [1m[35mBEGIN[0m
  [1m[36mMovie Exists? (0.4ms)[0m  [1m[34mSELECT 1 AS one FROM "movies" WHERE "movies"."title" = $1 LIMIT $2[0m  [["title", "Gabriel's Inferno"], ["LIMIT", 1]]
  [1m[36mTRANSACTION (5.0ms)[0m  [1m[31mROLLBACK[0m
  [1m[36mTRANSACTION (0.1ms)[0m  [1m[35mBEGIN[0m
  [1m[36mMovie Exists? (2.7ms)[0m  [1m[34mSELECT 1 AS one FROM "movies" WHERE "movies"."title" = $1 LIMIT $2[0m  [["title", "Your Name."], ["LIMIT", 1]]
  [1m[36mTRANSACTION (0.3ms)[0m  [1m[31mROLLBACK[0m
  [1m[36mTRANSACTION (16.1ms)[0m  [1m[35mBEGIN[0m
  [1m[36mMovie Exists? (1.7ms)[0m  [1m[34mSELECT 1 AS one FROM "movies" WHERE "movies"."title" = $1 LIMIT $2[0m  [["title", "Gabriel's Inferno: Part II"], ["LIMIT", 1]]
  [1m[36mTRANSACTION (1.6ms)[0m  [1m[31mROLLBACK[0m
  [1m[36mTRANSACTION (42.2ms)[0m  [1m[35mBEGIN[0m
  [1m[36mMovie Exists? (0.3ms)[0m  [1m[34mSELECT 1 AS one FROM "movies" WHERE "movies"."title" = $1 LIMIT $2[0m  [["title", "Parasite"], ["LIMIT", 1]]
  [1m[36mTRANSACTION (0.1ms)[0m  [1m[31mROLLBACK[0m
  [1m[36mTRANSACTION (0.1ms)[0m  [1m[35mBEGIN[0m
  [1m[36mMovie Exists? (18.7ms)[0m  [1m[34mSELECT 1 AS one FROM "movies" WHERE "movies"."title" = $1 LIMIT $2[0m  [["title", "12 Angry Men"], ["LIMIT", 1]]
  [1m[36mTRANSACTION (0.3ms)[0m  [1m[31mROLLBACK[0m
  [1m[36mTRANSACTION (0.2ms)[0m  [1m[35mBEGIN[0m
  [1m[36mMovie Exists? (0.3ms)[0m  [1m[34mSELECT 1 AS one FROM "movies" WHERE "movies"."title" = $1 LIMIT $2[0m  [["title", "The Green Mile"], ["LIMIT", 1]]
  [1m[36mTRANSACTION (0.1ms)[0m  [1m[31mROLLBACK[0m
  [1m[36mTRANSACTION (0.2ms)[0m  [1m[35mBEGIN[0m
  [1m[36mMovie Exists? (0.7ms)[0m  [1m[34mSELECT 1 AS one FROM "movies" WHERE "movies"."title" = $1 LIMIT $2[0m  [["title", "Gabriel's Inferno: Part III"], ["LIMIT", 1]]
  [1m[36mTRANSACTION (26.0ms)[0m  [1m[31mROLLBACK[0m
  [1m[36mTRANSACTION (0.2ms)[0m  [1m[35mBEGIN[0m
  [1m[36mMovie Exists? (0.5ms)[0m  [1m[34mSELECT 1 AS one FROM "movies" WHERE "movies"."title" = $1 LIMIT $2[0m  [["title", "The Dark Knight"], ["LIMIT", 1]]
  [1m[36mTRANSACTION (0.1ms)[0m  [1m[31mROLLBACK[0m
  [1m[36mTRANSACTION (0.1ms)[0m  [1m[35mBEGIN[0m
  [1m[36mMovie Exists? (0.2ms)[0m  [1m[34mSELECT 1 AS one FROM "movies" WHERE "movies"."title" = $1 LIMIT $2[0m  [["title", "Josee, the Tiger and the Fish"], ["LIMIT", 1]]
  [1m[36mTRANSACTION (0.1ms)[0m  [1m[31mROLLBACK[0m
  [1m[36mTRANSACTION (0.1ms)[0m  [1m[35mBEGIN[0m
  [1m[36mMovie Exists? (0.3ms)[0m  [1m[34mSELECT 1 AS one FROM "movies" WHERE "movies"."title" = $1 LIMIT $2[0m  [["title", "Pulp Fiction"], ["LIMIT", 1]]
  [1m[36mTRANSACTION (0.3ms)[0m  [1m[31mROLLBACK[0m
  [1m[36mTRANSACTION (0.3ms)[0m  [1m[35mBEGIN[0m
  [1m[36mMovie Exists? (0.5ms)[0m  [1m[34mSELECT 1 AS one FROM "movies" WHERE "movies"."title" = $1 LIMIT $2[0m  [["title", "The Good, the Bad and the Ugly"], ["LIMIT", 1]]
  [1m[36mTRANSACTION (0.2ms)[0m  [1m[31mROLLBACK[0m
  [1m[36mTRANSACTION (0.1ms)[0m  [1m[35mBEGIN[0m
  [1m[36mMovie Exists? (0.2ms)[0m  [1m[34mSELECT 1 AS one FROM "movies" WHERE "movies"."title" = $1 LIMIT $2[0m  [["title", "The Shawshank Redemption"], ["LIMIT", 1]]
  [1m[36mTRANSACTION (0.1ms)[0m  [1m[31mROLLBACK[0m
  [1m[36mTRANSACTION (0.1ms)[0m  [1m[35mBEGIN[0m
  [1m[36mMovie Exists? (0.3ms)[0m  [1m[34mSELECT 1 AS one FROM "movies" WHERE "movies"."title" = $1 LIMIT $2[0m  [["title", "Dilwale Dulhania Le Jayenge"], ["LIMIT", 1]]
  [1m[36mTRANSACTION (0.2ms)[0m  [1m[31mROLLBACK[0m
  [1m[36mTRANSACTION (0.1ms)[0m  [1m[35mBEGIN[0m
  [1m[36mMovie Exists? (0.2ms)[0m  [1m[34mSELECT 1 AS one FROM "movies" WHERE "movies"."title" = $1 LIMIT $2[0m  [["title", "The Godfather"], ["LIMIT", 1]]
  [1m[36mTRANSACTION (0.2ms)[0m  [1m[31mROLLBACK[0m
  [1m[36mTRANSACTION (0.1ms)[0m  [1m[35mBEGIN[0m
  [1m[36mMovie Exists? (0.2ms)[0m  [1m[34mSELECT 1 AS one FROM "movies" WHERE "movies"."title" = $1 LIMIT $2[0m  [["title", "Everything Everywhere All at Once"], ["LIMIT", 1]]
  [1m[36mTRANSACTION (0.1ms)[0m  [1m[31mROLLBACK[0m
  [1m[36mTRANSACTION (0.1ms)[0m  [1m[35mBEGIN[0m
  [1m[36mMovie Exists? (0.2ms)[0m  [1m[34mSELECT 1 AS one FROM "movies" WHERE "movies"."title" = $1 LIMIT $2[0m  [["title", "Schindler's List"], ["LIMIT", 1]]
  [1m[36mTRANSACTION (0.1ms)[0m  [1m[31mROLLBACK[0m
  [1m[36mTRANSACTION (0.1ms)[0m  [1m[35mBEGIN[0m
  [1m[36mMovie Exists? (0.2ms)[0m  [1m[34mSELECT 1 AS one FROM "movies" WHERE "movies"."title" = $1 LIMIT $2[0m  [["title", "The Godfather: Part II"], ["LIMIT", 1]]
  [1m[36mTRANSACTION (0.1ms)[0m  [1m[31mROLLBACK[0m
  [1m[36mTRANSACTION (0.1ms)[0m  [1m[35mBEGIN[0m
  [1m[36mMovie Exists? (0.2ms)[0m  [1m[34mSELECT 1 AS one FROM "movies" WHERE "movies"."title" = $1 LIMIT $2[0m  [["title", "Impossible Things"], ["LIMIT", 1]]
  [1m[36mTRANSACTION (0.1ms)[0m  [1m[31mROLLBACK[0m
  [1m[36mTRANSACTION (0.2ms)[0m  [1m[35mBEGIN[0m
  [1m[36mMovie Exists? (0.2ms)[0m  [1m[34mSELECT 1 AS one FROM "movies" WHERE "movies"."title" = $1 LIMIT $2[0m  [["title", "Dou kyu sei – Classmates"], ["LIMIT", 1]]
  [1m[36mTRANSACTION (0.2ms)[0m  [1m[31mROLLBACK[0m
  [1m[36mTRANSACTION (0.2ms)[0m  [1m[35mBEGIN[0m
  [1m[36mMovie Exists? (0.3ms)[0m  [1m[34mSELECT 1 AS one FROM "movies" WHERE "movies"."title" = $1 LIMIT $2[0m  [["title", "Spirited Away"], ["LIMIT", 1]]
  [1m[36mTRANSACTION (0.2ms)[0m  [1m[31mROLLBACK[0m
  [1m[36mTRANSACTION (0.1ms)[0m  [1m[35mBEGIN[0m
  [1m[36mMovie Exists? (0.3ms)[0m  [1m[34mSELECT 1 AS one FROM "movies" WHERE "movies"."title" = $1 LIMIT $2[0m  [["title", "Gabriel's Inferno"], ["LIMIT", 1]]
  [1m[36mTRANSACTION (0.1ms)[0m  [1m[31mROLLBACK[0m
  [1m[36mTRANSACTION (0.1ms)[0m  [1m[35mBEGIN[0m
  [1m[36mMovie Exists? (0.3ms)[0m  [1m[34mSELECT 1 AS one FROM "movies" WHERE "movies"."title" = $1 LIMIT $2[0m  [["title", "Your Name."], ["LIMIT", 1]]
  [1m[36mTRANSACTION (0.1ms)[0m  [1m[31mROLLBACK[0m
  [1m[36mTRANSACTION (0.2ms)[0m  [1m[35mBEGIN[0m
  [1m[36mMovie Exists? (0.3ms)[0m  [1m[34mSELECT 1 AS one FROM "movies" WHERE "movies"."title" = $1 LIMIT $2[0m  [["title", "Gabriel's Inferno: Part II"], ["LIMIT", 1]]
  [1m[36mTRANSACTION (0.3ms)[0m  [1m[31mROLLBACK[0m
  [1m[36mTRANSACTION (0.3ms)[0m  [1m[35mBEGIN[0m
  [1m[36mMovie Exists? (0.2ms)[0m  [1m[34mSELECT 1 AS one FROM "movies" WHERE "movies"."title" = $1 LIMIT $2[0m  [["title", "Parasite"], ["LIMIT", 1]]
  [1m[36mTRANSACTION (0.1ms)[0m  [1m[31mROLLBACK[0m
  [1m[36mTRANSACTION (0.1ms)[0m  [1m[35mBEGIN[0m
  [1m[36mMovie Exists? (0.3ms)[0m  [1m[34mSELECT 1 AS one FROM "movies" WHERE "movies"."title" = $1 LIMIT $2[0m  [["title", "12 Angry Men"], ["LIMIT", 1]]
  [1m[36mTRANSACTION (0.1ms)[0m  [1m[31mROLLBACK[0m
  [1m[36mTRANSACTION (0.1ms)[0m  [1m[35mBEGIN[0m
  [1m[36mMovie Exists? (0.2ms)[0m  [1m[34mSELECT 1 AS one FROM "movies" WHERE "movies"."title" = $1 LIMIT $2[0m  [["title", "The Green Mile"], ["LIMIT", 1]]
  [1m[36mTRANSACTION (0.1ms)[0m  [1m[31mROLLBACK[0m
  [1m[36mTRANSACTION (0.2ms)[0m  [1m[35mBEGIN[0m
  [1m[36mMovie Exists? (0.5ms)[0m  [1m[34mSELECT 1 AS one FROM "movies" WHERE "movies"."title" = $1 LIMIT $2[0m  [["title", "Gabriel's Inferno: Part III"], ["LIMIT", 1]]
  [1m[36mTRANSACTION (0.3ms)[0m  [1m[31mROLLBACK[0m
  [1m[36mTRANSACTION (0.1ms)[0m  [1m[35mBEGIN[0m
  [1m[36mMovie Exists? (0.3ms)[0m  [1m[34mSELECT 1 AS one FROM "movies" WHERE "movies"."title" = $1 LIMIT $2[0m  [["title", "The Dark Knight"], ["LIMIT", 1]]
  [1m[36mTRANSACTION (0.2ms)[0m  [1m[31mROLLBACK[0m
  [1m[36mTRANSACTION (0.3ms)[0m  [1m[35mBEGIN[0m
  [1m[36mMovie Exists? (0.2ms)[0m  [1m[34mSELECT 1 AS one FROM "movies" WHERE "movies"."title" = $1 LIMIT $2[0m  [["title", "Josee, the Tiger and the Fish"], ["LIMIT", 1]]
  [1m[36mTRANSACTION (0.2ms)[0m  [1m[31mROLLBACK[0m
  [1m[36mTRANSACTION (0.2ms)[0m  [1m[35mBEGIN[0m
  [1m[36mMovie Exists? (0.4ms)[0m  [1m[34mSELECT 1 AS one FROM "movies" WHERE "movies"."title" = $1 LIMIT $2[0m  [["title", "Pulp Fiction"], ["LIMIT", 1]]
  [1m[36mTRANSACTION (0.2ms)[0m  [1m[31mROLLBACK[0m
  [1m[36mTRANSACTION (0.1ms)[0m  [1m[35mBEGIN[0m
  [1m[36mMovie Exists? (0.2ms)[0m  [1m[34mSELECT 1 AS one FROM "movies" WHERE "movies"."title" = $1 LIMIT $2[0m  [["title", "The Good, the Bad and the Ugly"], ["LIMIT", 1]]
  [1m[36mTRANSACTION (0.1ms)[0m  [1m[31mROLLBACK[0m
  [1m[36mTRANSACTION (0.2ms)[0m  [1m[35mBEGIN[0m
  [1m[36mMovie Exists? (0.3ms)[0m  [1m[34mSELECT 1 AS one FROM "movies" WHERE "movies"."title" = $1 LIMIT $2[0m  [["title", "The Shawshank Redemption"], ["LIMIT", 1]]
  [1m[36mTRANSACTION (0.2ms)[0m  [1m[31mROLLBACK[0m
  [1m[36mTRANSACTION (0.1ms)[0m  [1m[35mBEGIN[0m
  [1m[36mMovie Exists? (0.3ms)[0m  [1m[34mSELECT 1 AS one FROM "movies" WHERE "movies"."title" = $1 LIMIT $2[0m  [["title", "Dilwale Dulhania Le Jayenge"], ["LIMIT", 1]]
  [1m[36mTRANSACTION (0.2ms)[0m  [1m[31mROLLBACK[0m
  [1m[36mTRANSACTION (0.1ms)[0m  [1m[35mBEGIN[0m
  [1m[36mMovie Exists? (0.2ms)[0m  [1m[34mSELECT 1 AS one FROM "movies" WHERE "movies"."title" = $1 LIMIT $2[0m  [["title", "The Godfather"], ["LIMIT", 1]]
  [1m[36mTRANSACTION (0.2ms)[0m  [1m[31mROLLBACK[0m
  [1m[36mTRANSACTION (0.1ms)[0m  [1m[35mBEGIN[0m
  [1m[36mMovie Exists? (0.3ms)[0m  [1m[34mSELECT 1 AS one FROM "movies" WHERE "movies"."title" = $1 LIMIT $2[0m  [["title", "Everything Everywhere All at Once"], ["LIMIT", 1]]
  [1m[36mTRANSACTION (0.1ms)[0m  [1m[31mROLLBACK[0m
  [1m[36mTRANSACTION (0.1ms)[0m  [1m[35mBEGIN[0m
  [1m[36mMovie Exists? (0.2ms)[0m  [1m[34mSELECT 1 AS one FROM "movies" WHERE "movies"."title" = $1 LIMIT $2[0m  [["title", "Schindler's List"], ["LIMIT", 1]]
  [1m[36mTRANSACTION (0.1ms)[0m  [1m[31mROLLBACK[0m
  [1m[36mTRANSACTION (0.1ms)[0m  [1m[35mBEGIN[0m
  [1m[36mMovie Exists? (0.2ms)[0m  [1m[34mSELECT 1 AS one FROM "movies" WHERE "movies"."title" = $1 LIMIT $2[0m  [["title", "The Godfather: Part II"], ["LIMIT", 1]]
  [1m[36mTRANSACTION (0.1ms)[0m  [1m[31mROLLBACK[0m
  [1m[36mTRANSACTION (0.1ms)[0m  [1m[35mBEGIN[0m
  [1m[36mMovie Exists? (0.2ms)[0m  [1m[34mSELECT 1 AS one FROM "movies" WHERE "movies"."title" = $1 LIMIT $2[0m  [["title", "Impossible Things"], ["LIMIT", 1]]
  [1m[36mTRANSACTION (0.1ms)[0m  [1m[31mROLLBACK[0m
  [1m[36mTRANSACTION (0.1ms)[0m  [1m[35mBEGIN[0m
  [1m[36mMovie Exists? (0.3ms)[0m  [1m[34mSELECT 1 AS one FROM "movies" WHERE "movies"."title" = $1 LIMIT $2[0m  [["title", "Dou kyu sei – Classmates"], ["LIMIT", 1]]
  [1m[36mTRANSACTION (0.2ms)[0m  [1m[31mROLLBACK[0m
  [1m[36mTRANSACTION (0.1ms)[0m  [1m[35mBEGIN[0m
  [1m[36mMovie Exists? (0.3ms)[0m  [1m[34mSELECT 1 AS one FROM "movies" WHERE "movies"."title" = $1 LIMIT $2[0m  [["title", "Spirited Away"], ["LIMIT", 1]]
  [1m[36mTRANSACTION (0.1ms)[0m  [1m[31mROLLBACK[0m
  [1m[36mTRANSACTION (0.1ms)[0m  [1m[35mBEGIN[0m
  [1m[36mMovie Exists? (0.2ms)[0m  [1m[34mSELECT 1 AS one FROM "movies" WHERE "movies"."title" = $1 LIMIT $2[0m  [["title", "Gabriel's Inferno"], ["LIMIT", 1]]
  [1m[36mTRANSACTION (0.2ms)[0m  [1m[31mROLLBACK[0m
  [1m[36mTRANSACTION (0.1ms)[0m  [1m[35mBEGIN[0m
  [1m[36mMovie Exists? (0.2ms)[0m  [1m[34mSELECT 1 AS one FROM "movies" WHERE "movies"."title" = $1 LIMIT $2[0m  [["title", "Your Name."], ["LIMIT", 1]]
  [1m[36mTRANSACTION (0.1ms)[0m  [1m[31mROLLBACK[0m
  [1m[36mTRANSACTION (0.1ms)[0m  [1m[35mBEGIN[0m
  [1m[36mMovie Exists? (0.5ms)[0m  [1m[34mSELECT 1 AS one FROM "movies" WHERE "movies"."title" = $1 LIMIT $2[0m  [["title", "Gabriel's Inferno: Part II"], ["LIMIT", 1]]
  [1m[36mTRANSACTION (0.2ms)[0m  [1m[31mROLLBACK[0m
  [1m[36mTRANSACTION (0.1ms)[0m  [1m[35mBEGIN[0m
  [1m[36mMovie Exists? (0.2ms)[0m  [1m[34mSELECT 1 AS one FROM "movies" WHERE "movies"."title" = $1 LIMIT $2[0m  [["title", "Parasite"], ["LIMIT", 1]]
  [1m[36mTRANSACTION (0.2ms)[0m  [1m[31mROLLBACK[0m
  [1m[36mTRANSACTION (0.1ms)[0m  [1m[35mBEGIN[0m
  [1m[36mMovie Exists? (0.7ms)[0m  [1m[34mSELECT 1 AS one FROM "movies" WHERE "movies"."title" = $1 LIMIT $2[0m  [["title", "12 Angry Men"], ["LIMIT", 1]]
  [1m[36mTRANSACTION (0.1ms)[0m  [1m[31mROLLBACK[0m
  [1m[36mTRANSACTION (0.4ms)[0m  [1m[35mBEGIN[0m
  [1m[36mMovie Exists? (0.2ms)[0m  [1m[34mSELECT 1 AS one FROM "movies" WHERE "movies"."title" = $1 LIMIT $2[0m  [["title", "The Green Mile"], ["LIMIT", 1]]
  [1m[36mTRANSACTION (0.1ms)[0m  [1m[31mROLLBACK[0m
  [1m[36mTRANSACTION (0.2ms)[0m  [1m[35mBEGIN[0m
  [1m[36mMovie Exists? (0.2ms)[0m  [1m[34mSELECT 1 AS one FROM "movies" WHERE "movies"."title" = $1 LIMIT $2[0m  [["title", "Gabriel's Inferno: Part III"], ["LIMIT", 1]]
  [1m[36mTRANSACTION (0.1ms)[0m  [1m[31mROLLBACK[0m
  [1m[36mTRANSACTION (0.2ms)[0m  [1m[35mBEGIN[0m
  [1m[36mMovie Exists? (0.3ms)[0m  [1m[34mSELECT 1 AS one FROM "movies" WHERE "movies"."title" = $1 LIMIT $2[0m  [["title", "The Dark Knight"], ["LIMIT", 1]]
  [1m[36mTRANSACTION (0.2ms)[0m  [1m[31mROLLBACK[0m
  [1m[36mTRANSACTION (0.1ms)[0m  [1m[35mBEGIN[0m
  [1m[36mMovie Exists? (0.2ms)[0m  [1m[34mSELECT 1 AS one FROM "movies" WHERE "movies"."title" = $1 LIMIT $2[0m  [["title", "Josee, the Tiger and the Fish"], ["LIMIT", 1]]
  [1m[36mTRANSACTION (0.2ms)[0m  [1m[31mROLLBACK[0m
  [1m[36mTRANSACTION (0.2ms)[0m  [1m[35mBEGIN[0m
  [1m[36mMovie Exists? (0.3ms)[0m  [1m[34mSELECT 1 AS one FROM "movies" WHERE "movies"."title" = $1 LIMIT $2[0m  [["title", "Pulp Fiction"], ["LIMIT", 1]]
  [1m[36mTRANSACTION (0.1ms)[0m  [1m[31mROLLBACK[0m
  [1m[36mTRANSACTION (0.1ms)[0m  [1m[35mBEGIN[0m
  [1m[36mMovie Exists? (0.2ms)[0m  [1m[34mSELECT 1 AS one FROM "movies" WHERE "movies"."title" = $1 LIMIT $2[0m  [["title", "The Good, the Bad and the Ugly"], ["LIMIT", 1]]
  [1m[36mTRANSACTION (0.1ms)[0m  [1m[31mROLLBACK[0m
  [1m[36mTRANSACTION (0.2ms)[0m  [1m[35mBEGIN[0m
  [1m[36mMovie Exists? (0.3ms)[0m  [1m[34mSELECT 1 AS one FROM "movies" WHERE "movies"."title" = $1 LIMIT $2[0m  [["title", "The Shawshank Redemption"], ["LIMIT", 1]]
  [1m[36mTRANSACTION (0.1ms)[0m  [1m[31mROLLBACK[0m
  [1m[36mTRANSACTION (0.1ms)[0m  [1m[35mBEGIN[0m
  [1m[36mMovie Exists? (0.2ms)[0m  [1m[34mSELECT 1 AS one FROM "movies" WHERE "movies"."title" = $1 LIMIT $2[0m  [["title", "Dilwale Dulhania Le Jayenge"], ["LIMIT", 1]]
  [1m[36mTRANSACTION (0.1ms)[0m  [1m[31mROLLBACK[0m
  [1m[36mTRANSACTION (0.1ms)[0m  [1m[35mBEGIN[0m
  [1m[36mMovie Exists? (0.3ms)[0m  [1m[34mSELECT 1 AS one FROM "movies" WHERE "movies"."title" = $1 LIMIT $2[0m  [["title", "The Godfather"], ["LIMIT", 1]]
  [1m[36mTRANSACTION (0.1ms)[0m  [1m[31mROLLBACK[0m
  [1m[36mTRANSACTION (0.1ms)[0m  [1m[35mBEGIN[0m
  [1m[36mMovie Exists? (0.2ms)[0m  [1m[34mSELECT 1 AS one FROM "movies" WHERE "movies"."title" = $1 LIMIT $2[0m  [["title", "Everything Everywhere All at Once"], ["LIMIT", 1]]
  [1m[36mTRANSACTION (0.1ms)[0m  [1m[31mROLLBACK[0m
  [1m[36mTRANSACTION (0.1ms)[0m  [1m[35mBEGIN[0m
  [1m[36mMovie Exists? (0.2ms)[0m  [1m[34mSELECT 1 AS one FROM "movies" WHERE "movies"."title" = $1 LIMIT $2[0m  [["title", "Schindler's List"], ["LIMIT", 1]]
  [1m[36mTRANSACTION (0.1ms)[0m  [1m[31mROLLBACK[0m
  [1m[36mTRANSACTION (0.1ms)[0m  [1m[35mBEGIN[0m
  [1m[36mMovie Exists? (0.2ms)[0m  [1m[34mSELECT 1 AS one FROM "movies" WHERE "movies"."title" = $1 LIMIT $2[0m  [["title", "The Godfather: Part II"], ["LIMIT", 1]]
  [1m[36mTRANSACTION (0.1ms)[0m  [1m[31mROLLBACK[0m
  [1m[36mTRANSACTION (0.1ms)[0m  [1m[35mBEGIN[0m
  [1m[36mMovie Exists? (0.2ms)[0m  [1m[34mSELECT 1 AS one FROM "movies" WHERE "movies"."title" = $1 LIMIT $2[0m  [["title", "Impossible Things"], ["LIMIT", 1]]
  [1m[36mTRANSACTION (0.1ms)[0m  [1m[31mROLLBACK[0m
  [1m[36mTRANSACTION (0.1ms)[0m  [1m[35mBEGIN[0m
  [1m[36mMovie Exists? (0.2ms)[0m  [1m[34mSELECT 1 AS one FROM "movies" WHERE "movies"."title" = $1 LIMIT $2[0m  [["title", "Dou kyu sei – Classmates"], ["LIMIT", 1]]
  [1m[36mTRANSACTION (0.1ms)[0m  [1m[31mROLLBACK[0m
  [1m[36mTRANSACTION (0.1ms)[0m  [1m[35mBEGIN[0m
  [1m[36mMovie Exists? (0.3ms)[0m  [1m[34mSELECT 1 AS one FROM "movies" WHERE "movies"."title" = $1 LIMIT $2[0m  [["title", "Spirited Away"], ["LIMIT", 1]]
  [1m[36mTRANSACTION (0.1ms)[0m  [1m[31mROLLBACK[0m
  [1m[36mTRANSACTION (0.1ms)[0m  [1m[35mBEGIN[0m
  [1m[36mMovie Exists? (0.2ms)[0m  [1m[34mSELECT 1 AS one FROM "movies" WHERE "movies"."title" = $1 LIMIT $2[0m  [["title", "Gabriel's Inferno"], ["LIMIT", 1]]
  [1m[36mTRANSACTION (0.1ms)[0m  [1m[31mROLLBACK[0m
  [1m[36mTRANSACTION (0.1ms)[0m  [1m[35mBEGIN[0m
  [1m[36mMovie Exists? (0.2ms)[0m  [1m[34mSELECT 1 AS one FROM "movies" WHERE "movies"."title" = $1 LIMIT $2[0m  [["title", "Your Name."], ["LIMIT", 1]]
  [1m[36mTRANSACTION (0.2ms)[0m  [1m[31mROLLBACK[0m
  [1m[36mTRANSACTION (0.2ms)[0m  [1m[35mBEGIN[0m
  [1m[36mMovie Exists? (0.3ms)[0m  [1m[34mSELECT 1 AS one FROM "movies" WHERE "movies"."title" = $1 LIMIT $2[0m  [["title", "Gabriel's Inferno: Part II"], ["LIMIT", 1]]
  [1m[36mTRANSACTION (0.1ms)[0m  [1m[31mROLLBACK[0m
  [1m[36mTRANSACTION (0.1ms)[0m  [1m[35mBEGIN[0m
  [1m[36mMovie Exists? (0.2ms)[0m  [1m[34mSELECT 1 AS one FROM "movies" WHERE "movies"."title" = $1 LIMIT $2[0m  [["title", "Parasite"], ["LIMIT", 1]]
  [1m[36mTRANSACTION (0.1ms)[0m  [1m[31mROLLBACK[0m
  [1m[36mTRANSACTION (0.1ms)[0m  [1m[35mBEGIN[0m
  [1m[36mMovie Exists? (0.2ms)[0m  [1m[34mSELECT 1 AS one FROM "movies" WHERE "movies"."title" = $1 LIMIT $2[0m  [["title", "12 Angry Men"], ["LIMIT", 1]]
  [1m[36mTRANSACTION (0.1ms)[0m  [1m[31mROLLBACK[0m
  [1m[36mTRANSACTION (0.1ms)[0m  [1m[35mBEGIN[0m
  [1m[36mMovie Exists? (0.3ms)[0m  [1m[34mSELECT 1 AS one FROM "movies" WHERE "movies"."title" = $1 LIMIT $2[0m  [["title", "The Green Mile"], ["LIMIT", 1]]
  [1m[36mTRANSACTION (0.2ms)[0m  [1m[31mROLLBACK[0m
  [1m[36mTRANSACTION (0.1ms)[0m  [1m[35mBEGIN[0m
  [1m[36mMovie Exists? (0.4ms)[0m  [1m[34mSELECT 1 AS one FROM "movies" WHERE "movies"."title" = $1 LIMIT $2[0m  [["title", "Gabriel's Inferno: Part III"], ["LIMIT", 1]]
  [1m[36mTRANSACTION (0.2ms)[0m  [1m[31mROLLBACK[0m
  [1m[36mTRANSACTION (0.1ms)[0m  [1m[35mBEGIN[0m
  [1m[36mMovie Exists? (0.3ms)[0m  [1m[34mSELECT 1 AS one FROM "movies" WHERE "movies"."title" = $1 LIMIT $2[0m  [["title", "The Dark Knight"], ["LIMIT", 1]]
  [1m[36mTRANSACTION (0.2ms)[0m  [1m[31mROLLBACK[0m
  [1m[36mTRANSACTION (0.1ms)[0m  [1m[35mBEGIN[0m
  [1m[36mMovie Exists? (0.4ms)[0m  [1m[34mSELECT 1 AS one FROM "movies" WHERE "movies"."title" = $1 LIMIT $2[0m  [["title", "Josee, the Tiger and the Fish"], ["LIMIT", 1]]
  [1m[36mTRANSACTION (0.1ms)[0m  [1m[31mROLLBACK[0m
  [1m[36mTRANSACTION (0.1ms)[0m  [1m[35mBEGIN[0m
  [1m[36mMovie Exists? (0.3ms)[0m  [1m[34mSELECT 1 AS one FROM "movies" WHERE "movies"."title" = $1 LIMIT $2[0m  [["title", "Pulp Fiction"], ["LIMIT", 1]]
  [1m[36mTRANSACTION (0.2ms)[0m  [1m[31mROLLBACK[0m
  [1m[36mTRANSACTION (0.1ms)[0m  [1m[35mBEGIN[0m
  [1m[36mMovie Exists? (0.2ms)[0m  [1m[34mSELECT 1 AS one FROM "movies" WHERE "movies"."title" = $1 LIMIT $2[0m  [["title", "The Good, the Bad and the Ugly"], ["LIMIT", 1]]
  [1m[36mTRANSACTION (0.1ms)[0m  [1m[31mROLLBACK[0m
  [1m[36mTRANSACTION (0.2ms)[0m  [1m[35mBEGIN[0m
  [1m[36mMovie Exists? (0.3ms)[0m  [1m[34mSELECT 1 AS one FROM "movies" WHERE "movies"."title" = $1 LIMIT $2[0m  [["title", "The Shawshank Redemption"], ["LIMIT", 1]]
  [1m[36mTRANSACTION (0.2ms)[0m  [1m[31mROLLBACK[0m
  [1m[36mTRANSACTION (0.1ms)[0m  [1m[35mBEGIN[0m
  [1m[36mMovie Exists? (0.3ms)[0m  [1m[34mSELECT 1 AS one FROM "movies" WHERE "movies"."title" = $1 LIMIT $2[0m  [["title", "Dilwale Dulhania Le Jayenge"], ["LIMIT", 1]]
  [1m[36mTRANSACTION (0.1ms)[0m  [1m[31mROLLBACK[0m
  [1m[36mTRANSACTION (0.1ms)[0m  [1m[35mBEGIN[0m
  [1m[36mMovie Exists? (0.3ms)[0m  [1m[34mSELECT 1 AS one FROM "movies" WHERE "movies"."title" = $1 LIMIT $2[0m  [["title", "The Godfather"], ["LIMIT", 1]]
  [1m[36mTRANSACTION (0.2ms)[0m  [1m[31mROLLBACK[0m
  [1m[36mTRANSACTION (0.1ms)[0m  [1m[35mBEGIN[0m
  [1m[36mMovie Exists? (0.3ms)[0m  [1m[34mSELECT 1 AS one FROM "movies" WHERE "movies"."title" = $1 LIMIT $2[0m  [["title", "Everything Everywhere All at Once"], ["LIMIT", 1]]
  [1m[36mTRANSACTION (0.1ms)[0m  [1m[31mROLLBACK[0m
  [1m[36mTRANSACTION (0.1ms)[0m  [1m[35mBEGIN[0m
  [1m[36mMovie Exists? (0.2ms)[0m  [1m[34mSELECT 1 AS one FROM "movies" WHERE "movies"."title" = $1 LIMIT $2[0m  [["title", "Schindler's List"], ["LIMIT", 1]]
  [1m[36mTRANSACTION (0.1ms)[0m  [1m[31mROLLBACK[0m
  [1m[36mTRANSACTION (0.1ms)[0m  [1m[35mBEGIN[0m
  [1m[36mMovie Exists? (0.2ms)[0m  [1m[34mSELECT 1 AS one FROM "movies" WHERE "movies"."title" = $1 LIMIT $2[0m  [["title", "The Godfather: Part II"], ["LIMIT", 1]]
  [1m[36mTRANSACTION (0.1ms)[0m  [1m[31mROLLBACK[0m
  [1m[36mTRANSACTION (0.1ms)[0m  [1m[35mBEGIN[0m
  [1m[36mMovie Exists? (0.2ms)[0m  [1m[34mSELECT 1 AS one FROM "movies" WHERE "movies"."title" = $1 LIMIT $2[0m  [["title", "Impossible Things"], ["LIMIT", 1]]
  [1m[36mTRANSACTION (0.1ms)[0m  [1m[31mROLLBACK[0m
  [1m[36mTRANSACTION (0.1ms)[0m  [1m[35mBEGIN[0m
  [1m[36mMovie Exists? (0.2ms)[0m  [1m[34mSELECT 1 AS one FROM "movies" WHERE "movies"."title" = $1 LIMIT $2[0m  [["title", "Dou kyu sei – Classmates"], ["LIMIT", 1]]
  [1m[36mTRANSACTION (0.1ms)[0m  [1m[31mROLLBACK[0m
  [1m[36mTRANSACTION (0.2ms)[0m  [1m[35mBEGIN[0m
  [1m[36mMovie Exists? (0.6ms)[0m  [1m[34mSELECT 1 AS one FROM "movies" WHERE "movies"."title" = $1 LIMIT $2[0m  [["title", "Spirited Away"], ["LIMIT", 1]]
  [1m[36mTRANSACTION (0.3ms)[0m  [1m[31mROLLBACK[0m
  [1m[36mTRANSACTION (0.1ms)[0m  [1m[35mBEGIN[0m
  [1m[36mMovie Exists? (0.3ms)[0m  [1m[34mSELECT 1 AS one FROM "movies" WHERE "movies"."title" = $1 LIMIT $2[0m  [["title", "Gabriel's Inferno"], ["LIMIT", 1]]
  [1m[36mTRANSACTION (0.1ms)[0m  [1m[31mROLLBACK[0m
  [1m[36mTRANSACTION (0.1ms)[0m  [1m[35mBEGIN[0m
  [1m[36mMovie Exists? (0.3ms)[0m  [1m[34mSELECT 1 AS one FROM "movies" WHERE "movies"."title" = $1 LIMIT $2[0m  [["title", "Your Name."], ["LIMIT", 1]]
  [1m[36mTRANSACTION (0.2ms)[0m  [1m[31mROLLBACK[0m
  [1m[36mTRANSACTION (0.1ms)[0m  [1m[35mBEGIN[0m
  [1m[36mMovie Exists? (0.5ms)[0m  [1m[34mSELECT 1 AS one FROM "movies" WHERE "movies"."title" = $1 LIMIT $2[0m  [["title", "Gabriel's Inferno: Part II"], ["LIMIT", 1]]
  [1m[36mTRANSACTION (0.1ms)[0m  [1m[31mROLLBACK[0m
  [1m[36mTRANSACTION (0.1ms)[0m  [1m[35mBEGIN[0m
  [1m[36mMovie Exists? (0.2ms)[0m  [1m[34mSELECT 1 AS one FROM "movies" WHERE "movies"."title" = $1 LIMIT $2[0m  [["title", "Parasite"], ["LIMIT", 1]]
  [1m[36mTRANSACTION (0.1ms)[0m  [1m[31mROLLBACK[0m
  [1m[36mTRANSACTION (0.1ms)[0m  [1m[35mBEGIN[0m
  [1m[36mMovie Exists? (0.2ms)[0m  [1m[34mSELECT 1 AS one FROM "movies" WHERE "movies"."title" = $1 LIMIT $2[0m  [["title", "12 Angry Men"], ["LIMIT", 1]]
  [1m[36mTRANSACTION (0.1ms)[0m  [1m[31mROLLBACK[0m
  [1m[36mTRANSACTION (0.1ms)[0m  [1m[35mBEGIN[0m
  [1m[36mMovie Exists? (0.2ms)[0m  [1m[34mSELECT 1 AS one FROM "movies" WHERE "movies"."title" = $1 LIMIT $2[0m  [["title", "The Green Mile"], ["LIMIT", 1]]
  [1m[36mTRANSACTION (0.1ms)[0m  [1m[31mROLLBACK[0m
  [1m[36mTRANSACTION (0.1ms)[0m  [1m[35mBEGIN[0m
  [1m[36mMovie Exists? (0.4ms)[0m  [1m[34mSELECT 1 AS one FROM "movies" WHERE "movies"."title" = $1 LIMIT $2[0m  [["title", "Gabriel's Inferno: Part III"], ["LIMIT", 1]]
  [1m[36mTRANSACTION (0.2ms)[0m  [1m[31mROLLBACK[0m
  [1m[36mTRANSACTION (0.1ms)[0m  [1m[35mBEGIN[0m
  [1m[36mMovie Exists? (0.3ms)[0m  [1m[34mSELECT 1 AS one FROM "movies" WHERE "movies"."title" = $1 LIMIT $2[0m  [["title", "The Dark Knight"], ["LIMIT", 1]]
  [1m[36mTRANSACTION (0.2ms)[0m  [1m[31mROLLBACK[0m
  [1m[36mTRANSACTION (0.1ms)[0m  [1m[35mBEGIN[0m
  [1m[36mMovie Exists? (0.3ms)[0m  [1m[34mSELECT 1 AS one FROM "movies" WHERE "movies"."title" = $1 LIMIT $2[0m  [["title", "Josee, the Tiger and the Fish"], ["LIMIT", 1]]
  [1m[36mTRANSACTION (0.1ms)[0m  [1m[31mROLLBACK[0m
  [1m[36mTRANSACTION (0.2ms)[0m  [1m[35mBEGIN[0m
  [1m[36mMovie Exists? (0.3ms)[0m  [1m[34mSELECT 1 AS one FROM "movies" WHERE "movies"."title" = $1 LIMIT $2[0m  [["title", "Pulp Fiction"], ["LIMIT", 1]]
  [1m[36mTRANSACTION (0.9ms)[0m  [1m[31mROLLBACK[0m
  [1m[36mTRANSACTION (0.1ms)[0m  [1m[35mBEGIN[0m
  [1m[36mMovie Exists? (0.2ms)[0m  [1m[34mSELECT 1 AS one FROM "movies" WHERE "movies"."title" = $1 LIMIT $2[0m  [["title", "The Good, the Bad and the Ugly"], ["LIMIT", 1]]
  [1m[36mTRANSACTION (0.1ms)[0m  [1m[31mROLLBACK[0m
  [1m[36mTRANSACTION (0.2ms)[0m  [1m[35mBEGIN[0m
  [1m[36mMovie Exists? (0.3ms)[0m  [1m[34mSELECT 1 AS one FROM "movies" WHERE "movies"."title" = $1 LIMIT $2[0m  [["title", "The Shawshank Redemption"], ["LIMIT", 1]]
  [1m[36mTRANSACTION (0.1ms)[0m  [1m[31mROLLBACK[0m
  [1m[36mTRANSACTION (0.1ms)[0m  [1m[35mBEGIN[0m
  [1m[36mMovie Exists? (0.3ms)[0m  [1m[34mSELECT 1 AS one FROM "movies" WHERE "movies"."title" = $1 LIMIT $2[0m  [["title", "Dilwale Dulhania Le Jayenge"], ["LIMIT", 1]]
  [1m[36mTRANSACTION (0.1ms)[0m  [1m[31mROLLBACK[0m
  [1m[36mTRANSACTION (0.1ms)[0m  [1m[35mBEGIN[0m
  [1m[36mMovie Exists? (0.2ms)[0m  [1m[34mSELECT 1 AS one FROM "movies" WHERE "movies"."title" = $1 LIMIT $2[0m  [["title", "The Godfather"], ["LIMIT", 1]]
  [1m[36mTRANSACTION (0.1ms)[0m  [1m[31mROLLBACK[0m
  [1m[36mTRANSACTION (0.1ms)[0m  [1m[35mBEGIN[0m
  [1m[36mMovie Exists? (0.2ms)[0m  [1m[34mSELECT 1 AS one FROM "movies" WHERE "movies"."title" = $1 LIMIT $2[0m  [["title", "Everything Everywhere All at Once"], ["LIMIT", 1]]
  [1m[36mTRANSACTION (0.1ms)[0m  [1m[31mROLLBACK[0m
  [1m[36mTRANSACTION (0.1ms)[0m  [1m[35mBEGIN[0m
  [1m[36mMovie Exists? (0.2ms)[0m  [1m[34mSELECT 1 AS one FROM "movies" WHERE "movies"."title" = $1 LIMIT $2[0m  [["title", "Schindler's List"], ["LIMIT", 1]]
  [1m[36mTRANSACTION (0.1ms)[0m  [1m[31mROLLBACK[0m
  [1m[36mTRANSACTION (0.1ms)[0m  [1m[35mBEGIN[0m
  [1m[36mMovie Exists? (0.2ms)[0m  [1m[34mSELECT 1 AS one FROM "movies" WHERE "movies"."title" = $1 LIMIT $2[0m  [["title", "The Godfather: Part II"], ["LIMIT", 1]]
  [1m[36mTRANSACTION (0.1ms)[0m  [1m[31mROLLBACK[0m
  [1m[36mTRANSACTION (0.1ms)[0m  [1m[35mBEGIN[0m
  [1m[36mMovie Exists? (0.2ms)[0m  [1m[34mSELECT 1 AS one FROM "movies" WHERE "movies"."title" = $1 LIMIT $2[0m  [["title", "Impossible Things"], ["LIMIT", 1]]
  [1m[36mTRANSACTION (0.1ms)[0m  [1m[31mROLLBACK[0m
  [1m[36mTRANSACTION (0.1ms)[0m  [1m[35mBEGIN[0m
  [1m[36mMovie Exists? (0.2ms)[0m  [1m[34mSELECT 1 AS one FROM "movies" WHERE "movies"."title" = $1 LIMIT $2[0m  [["title", "Dou kyu sei – Classmates"], ["LIMIT", 1]]
  [1m[36mTRANSACTION (0.1ms)[0m  [1m[31mROLLBACK[0m
  [1m[36mTRANSACTION (0.1ms)[0m  [1m[35mBEGIN[0m
  [1m[36mMovie Exists? (1.8ms)[0m  [1m[34mSELECT 1 AS one FROM "movies" WHERE "movies"."title" = $1 LIMIT $2[0m  [["title", "Spirited Away"], ["LIMIT", 1]]
  [1m[36mTRANSACTION (0.2ms)[0m  [1m[31mROLLBACK[0m
  [1m[36mTRANSACTION (0.1ms)[0m  [1m[35mBEGIN[0m
  [1m[36mMovie Exists? (0.2ms)[0m  [1m[34mSELECT 1 AS one FROM "movies" WHERE "movies"."title" = $1 LIMIT $2[0m  [["title", "Gabriel's Inferno"], ["LIMIT", 1]]
  [1m[36mTRANSACTION (0.1ms)[0m  [1m[31mROLLBACK[0m
  [1m[36mTRANSACTION (0.1ms)[0m  [1m[35mBEGIN[0m
  [1m[36mMovie Exists? (0.2ms)[0m  [1m[34mSELECT 1 AS one FROM "movies" WHERE "movies"."title" = $1 LIMIT $2[0m  [["title", "Your Name."], ["LIMIT", 1]]
  [1m[36mTRANSACTION (0.1ms)[0m  [1m[31mROLLBACK[0m
  [1m[36mTRANSACTION (0.1ms)[0m  [1m[35mBEGIN[0m
  [1m[36mMovie Exists? (0.2ms)[0m  [1m[34mSELECT 1 AS one FROM "movies" WHERE "movies"."title" = $1 LIMIT $2[0m  [["title", "Gabriel's Inferno: Part II"], ["LIMIT", 1]]
  [1m[36mTRANSACTION (0.1ms)[0m  [1m[31mROLLBACK[0m
  [1m[36mTRANSACTION (0.1ms)[0m  [1m[35mBEGIN[0m
  [1m[36mMovie Exists? (0.2ms)[0m  [1m[34mSELECT 1 AS one FROM "movies" WHERE "movies"."title" = $1 LIMIT $2[0m  [["title", "Parasite"], ["LIMIT", 1]]
  [1m[36mTRANSACTION (0.1ms)[0m  [1m[31mROLLBACK[0m
  [1m[36mTRANSACTION (0.1ms)[0m  [1m[35mBEGIN[0m
  [1m[36mMovie Exists? (0.3ms)[0m  [1m[34mSELECT 1 AS one FROM "movies" WHERE "movies"."title" = $1 LIMIT $2[0m  [["title", "12 Angry Men"], ["LIMIT", 1]]
  [1m[36mTRANSACTION (0.2ms)[0m  [1m[31mROLLBACK[0m
  [1m[36mTRANSACTION (0.1ms)[0m  [1m[35mBEGIN[0m
  [1m[36mMovie Exists? (0.3ms)[0m  [1m[34mSELECT 1 AS one FROM "movies" WHERE "movies"."title" = $1 LIMIT $2[0m  [["title", "The Green Mile"], ["LIMIT", 1]]
  [1m[36mTRANSACTION (0.1ms)[0m  [1m[31mROLLBACK[0m
  [1m[36mTRANSACTION (0.1ms)[0m  [1m[35mBEGIN[0m
  [1m[36mMovie Exists? (0.3ms)[0m  [1m[34mSELECT 1 AS one FROM "movies" WHERE "movies"."title" = $1 LIMIT $2[0m  [["title", "Gabriel's Inferno: Part III"], ["LIMIT", 1]]
  [1m[36mTRANSACTION (0.1ms)[0m  [1m[31mROLLBACK[0m
  [1m[36mTRANSACTION (0.1ms)[0m  [1m[35mBEGIN[0m
  [1m[36mMovie Exists? (0.2ms)[0m  [1m[34mSELECT 1 AS one FROM "movies" WHERE "movies"."title" = $1 LIMIT $2[0m  [["title", "The Dark Knight"], ["LIMIT", 1]]
  [1m[36mTRANSACTION (0.3ms)[0m  [1m[31mROLLBACK[0m
  [1m[36mTRANSACTION (0.2ms)[0m  [1m[35mBEGIN[0m
  [1m[36mMovie Exists? (0.3ms)[0m  [1m[34mSELECT 1 AS one FROM "movies" WHERE "movies"."title" = $1 LIMIT $2[0m  [["title", "Josee, the Tiger and the Fish"], ["LIMIT", 1]]
  [1m[36mTRANSACTION (0.2ms)[0m  [1m[31mROLLBACK[0m
  [1m[36mTRANSACTION (0.1ms)[0m  [1m[35mBEGIN[0m
  [1m[36mMovie Exists? (0.2ms)[0m  [1m[34mSELECT 1 AS one FROM "movies" WHERE "movies"."title" = $1 LIMIT $2[0m  [["title", "Pulp Fiction"], ["LIMIT", 1]]
  [1m[36mTRANSACTION (0.1ms)[0m  [1m[31mROLLBACK[0m
  [1m[36mTRANSACTION (0.1ms)[0m  [1m[35mBEGIN[0m
  [1m[36mMovie Exists? (0.2ms)[0m  [1m[34mSELECT 1 AS one FROM "movies" WHERE "movies"."title" = $1 LIMIT $2[0m  [["title", "The Good, the Bad and the Ugly"], ["LIMIT", 1]]
  [1m[36mTRANSACTION (0.1ms)[0m  [1m[31mROLLBACK[0m
  [1m[36mTRANSACTION (0.2ms)[0m  [1m[35mBEGIN[0m
  [1m[36mMovie Exists? (0.3ms)[0m  [1m[34mSELECT 1 AS one FROM "movies" WHERE "movies"."title" = $1 LIMIT $2[0m  [["title", "The Shawshank Redemption"], ["LIMIT", 1]]
  [1m[36mTRANSACTION (0.2ms)[0m  [1m[31mROLLBACK[0m
  [1m[36mTRANSACTION (0.1ms)[0m  [1m[35mBEGIN[0m
  [1m[36mMovie Exists? (0.3ms)[0m  [1m[34mSELECT 1 AS one FROM "movies" WHERE "movies"."title" = $1 LIMIT $2[0m  [["title", "Dilwale Dulhania Le Jayenge"], ["LIMIT", 1]]
  [1m[36mTRANSACTION (0.2ms)[0m  [1m[31mROLLBACK[0m
  [1m[36mTRANSACTION (0.1ms)[0m  [1m[35mBEGIN[0m
  [1m[36mMovie Exists? (0.2ms)[0m  [1m[34mSELECT 1 AS one FROM "movies" WHERE "movies"."title" = $1 LIMIT $2[0m  [["title", "The Godfather"], ["LIMIT", 1]]
  [1m[36mTRANSACTION (0.1ms)[0m  [1m[31mROLLBACK[0m
  [1m[36mTRANSACTION (0.1ms)[0m  [1m[35mBEGIN[0m
  [1m[36mMovie Exists? (0.2ms)[0m  [1m[34mSELECT 1 AS one FROM "movies" WHERE "movies"."title" = $1 LIMIT $2[0m  [["title", "Everything Everywhere All at Once"], ["LIMIT", 1]]
  [1m[36mTRANSACTION (0.1ms)[0m  [1m[31mROLLBACK[0m
  [1m[36mTRANSACTION (0.1ms)[0m  [1m[35mBEGIN[0m
  [1m[36mMovie Exists? (0.2ms)[0m  [1m[34mSELECT 1 AS one FROM "movies" WHERE "movies"."title" = $1 LIMIT $2[0m  [["title", "Schindler's List"], ["LIMIT", 1]]
  [1m[36mTRANSACTION (0.1ms)[0m  [1m[31mROLLBACK[0m
  [1m[36mTRANSACTION (0.1ms)[0m  [1m[35mBEGIN[0m
  [1m[36mMovie Exists? (0.2ms)[0m  [1m[34mSELECT 1 AS one FROM "movies" WHERE "movies"."title" = $1 LIMIT $2[0m  [["title", "The Godfather: Part II"], ["LIMIT", 1]]
  [1m[36mTRANSACTION (0.1ms)[0m  [1m[31mROLLBACK[0m
  [1m[36mTRANSACTION (0.1ms)[0m  [1m[35mBEGIN[0m
  [1m[36mMovie Exists? (0.2ms)[0m  [1m[34mSELECT 1 AS one FROM "movies" WHERE "movies"."title" = $1 LIMIT $2[0m  [["title", "Impossible Things"], ["LIMIT", 1]]
  [1m[36mTRANSACTION (0.1ms)[0m  [1m[31mROLLBACK[0m
  [1m[36mTRANSACTION (0.1ms)[0m  [1m[35mBEGIN[0m
  [1m[36mMovie Exists? (0.2ms)[0m  [1m[34mSELECT 1 AS one FROM "movies" WHERE "movies"."title" = $1 LIMIT $2[0m  [["title", "Dou kyu sei – Classmates"], ["LIMIT", 1]]
  [1m[36mTRANSACTION (0.1ms)[0m  [1m[31mROLLBACK[0m
  [1m[36mTRANSACTION (0.2ms)[0m  [1m[35mBEGIN[0m
  [1m[36mMovie Exists? (0.4ms)[0m  [1m[34mSELECT 1 AS one FROM "movies" WHERE "movies"."title" = $1 LIMIT $2[0m  [["title", "Spirited Away"], ["LIMIT", 1]]
  [1m[36mTRANSACTION (0.1ms)[0m  [1m[31mROLLBACK[0m
  [1m[36mTRANSACTION (0.2ms)[0m  [1m[35mBEGIN[0m
  [1m[36mMovie Exists? (0.3ms)[0m  [1m[34mSELECT 1 AS one FROM "movies" WHERE "movies"."title" = $1 LIMIT $2[0m  [["title", "Gabriel's Inferno"], ["LIMIT", 1]]
  [1m[36mTRANSACTION (0.1ms)[0m  [1m[31mROLLBACK[0m
  [1m[36mTRANSACTION (0.3ms)[0m  [1m[35mBEGIN[0m
  [1m[36mMovie Exists? (0.5ms)[0m  [1m[34mSELECT 1 AS one FROM "movies" WHERE "movies"."title" = $1 LIMIT $2[0m  [["title", "Your Name."], ["LIMIT", 1]]
  [1m[36mTRANSACTION (0.2ms)[0m  [1m[31mROLLBACK[0m
  [1m[36mTRANSACTION (0.1ms)[0m  [1m[35mBEGIN[0m
  [1m[36mMovie Exists? (0.3ms)[0m  [1m[34mSELECT 1 AS one FROM "movies" WHERE "movies"."title" = $1 LIMIT $2[0m  [["title", "Gabriel's Inferno: Part II"], ["LIMIT", 1]]
  [1m[36mTRANSACTION (0.1ms)[0m  [1m[31mROLLBACK[0m
  [1m[36mTRANSACTION (0.1ms)[0m  [1m[35mBEGIN[0m
  [1m[36mMovie Exists? (0.3ms)[0m  [1m[34mSELECT 1 AS one FROM "movies" WHERE "movies"."title" = $1 LIMIT $2[0m  [["title", "Parasite"], ["LIMIT", 1]]
  [1m[36mTRANSACTION (0.1ms)[0m  [1m[31mROLLBACK[0m
  [1m[36mTRANSACTION (0.1ms)[0m  [1m[35mBEGIN[0m
  [1m[36mMovie Exists? (0.3ms)[0m  [1m[34mSELECT 1 AS one FROM "movies" WHERE "movies"."title" = $1 LIMIT $2[0m  [["title", "12 Angry Men"], ["LIMIT", 1]]
  [1m[36mTRANSACTION (0.2ms)[0m  [1m[31mROLLBACK[0m
  [1m[36mTRANSACTION (0.1ms)[0m  [1m[35mBEGIN[0m
  [1m[36mMovie Exists? (0.2ms)[0m  [1m[34mSELECT 1 AS one FROM "movies" WHERE "movies"."title" = $1 LIMIT $2[0m  [["title", "The Green Mile"], ["LIMIT", 1]]
  [1m[36mTRANSACTION (0.1ms)[0m  [1m[31mROLLBACK[0m
  [1m[36mTRANSACTION (0.1ms)[0m  [1m[35mBEGIN[0m
  [1m[36mMovie Exists? (0.2ms)[0m  [1m[34mSELECT 1 AS one FROM "movies" WHERE "movies"."title" = $1 LIMIT $2[0m  [["title", "Gabriel's Inferno: Part III"], ["LIMIT", 1]]
  [1m[36mTRANSACTION (0.2ms)[0m  [1m[31mROLLBACK[0m
  [1m[36mTRANSACTION (0.1ms)[0m  [1m[35mBEGIN[0m
  [1m[36mMovie Exists? (0.3ms)[0m  [1m[34mSELECT 1 AS one FROM "movies" WHERE "movies"."title" = $1 LIMIT $2[0m  [["title", "The Dark Knight"], ["LIMIT", 1]]
  [1m[36mTRANSACTION (0.2ms)[0m  [1m[31mROLLBACK[0m
  [1m[36mTRANSACTION (0.6ms)[0m  [1m[35mBEGIN[0m
  [1m[36mMovie Exists? (0.3ms)[0m  [1m[34mSELECT 1 AS one FROM "movies" WHERE "movies"."title" = $1 LIMIT $2[0m  [["title", "Josee, the Tiger and the Fish"], ["LIMIT", 1]]
  [1m[36mTRANSACTION (0.2ms)[0m  [1m[31mROLLBACK[0m
  [1m[36mTRANSACTION (0.3ms)[0m  [1m[35mBEGIN[0m
  [1m[36mMovie Exists? (0.2ms)[0m  [1m[34mSELECT 1 AS one FROM "movies" WHERE "movies"."title" = $1 LIMIT $2[0m  [["title", "Pulp Fiction"], ["LIMIT", 1]]
  [1m[36mTRANSACTION (0.1ms)[0m  [1m[31mROLLBACK[0m
  [1m[36mTRANSACTION (0.1ms)[0m  [1m[35mBEGIN[0m
  [1m[36mMovie Exists? (0.2ms)[0m  [1m[34mSELECT 1 AS one FROM "movies" WHERE "movies"."title" = $1 LIMIT $2[0m  [["title", "The Good, the Bad and the Ugly"], ["LIMIT", 1]]
  [1m[36mTRANSACTION (0.1ms)[0m  [1m[31mROLLBACK[0m
Started GET "/" for ::1 at 2022-05-20 12:01:12 +0200
  [1m[36mActiveRecord::SchemaMigration Pluck (0.5ms)[0m  [1m[34mSELECT "schema_migrations"."version" FROM "schema_migrations" ORDER BY "schema_migrations"."version" ASC[0m
Processing by ListsController#index as HTML
  Rendering layout layouts/application.html.erb
  Rendering lists/index.html.erb within layouts/application
  [1m[36mList Load (0.8ms)[0m  [1m[34mSELECT "lists".* FROM "lists"[0m
  ↳ app/views/lists/index.html.erb:13
  Rendered lists/index.html.erb within layouts/application (Duration: 4.8ms | Allocations: 1689)
Started GET "/" for ::1 at 2022-05-20 12:01:18 +0200
Processing by ListsController#index as HTML
  Rendering layout layouts/application.html.erb
  Rendering lists/index.html.erb within layouts/application
  [1m[36mList Load (0.7ms)[0m  [1m[34mSELECT "lists".* FROM "lists"[0m
  ↳ app/views/lists/index.html.erb:13
  Rendered lists/index.html.erb within layouts/application (Duration: 45.5ms | Allocations: 6936)
Started GET "/" for ::1 at 2022-05-20 12:02:41 +0200
  [1m[36mActiveRecord::SchemaMigration Pluck (0.8ms)[0m  [1m[34mSELECT "schema_migrations"."version" FROM "schema_migrations" ORDER BY "schema_migrations"."version" ASC[0m
Processing by ListsController#index as HTML
  Rendering layout layouts/application.html.erb
  Rendering lists/index.html.erb within layouts/application
  [1m[36mList Load (0.5ms)[0m  [1m[34mSELECT "lists".* FROM "lists"[0m
  ↳ app/views/lists/index.html.erb:13
  Rendered lists/index.html.erb within layouts/application (Duration: 4.6ms | Allocations: 1581)
  Rendered shared/_navbar.html.erb (Duration: 3.4ms | Allocations: 891)
  Rendered shared/_flashes.html.erb (Duration: 1.0ms | Allocations: 247)
  Rendered layout layouts/application.html.erb (Duration: 9697.8ms | Allocations: 172636)
Completed 200 OK in 9728ms (Views: 9703.5ms | ActiveRecord: 0.5ms | Allocations: 182932)


Started GET "/tom-select/dist/css/tom-select.css" for ::1 at 2022-05-20 12:02:51 +0200
  
ActionController::RoutingError (No route matches [GET] "/tom-select/dist/css/tom-select.css"):
  
Started GET "/" for ::1 at 2022-05-20 12:03:43 +0200
Processing by ListsController#index as HTML
  Rendering layout layouts/application.html.erb
  Rendering lists/index.html.erb within layouts/application
  [1m[36mList Load (0.8ms)[0m  [1m[34mSELECT "lists".* FROM "lists"[0m
  ↳ app/views/lists/index.html.erb:13
  Rendered lists/index.html.erb within layouts/application (Duration: 4.2ms | Allocations: 701)
  Rendered shared/_navbar.html.erb (Duration: 1.5ms | Allocations: 597)
  Rendered shared/_flashes.html.erb (Duration: 0.1ms | Allocations: 34)
  Rendered layout layouts/application.html.erb (Duration: 22.5ms | Allocations: 10394)
Completed 200 OK in 25ms (Views: 23.5ms | ActiveRecord: 0.8ms | Allocations: 10761)


Started GET "/tom-select/dist/css/tom-select.css" for ::1 at 2022-05-20 12:03:43 +0200
  
ActionController::RoutingError (No route matches [GET] "/tom-select/dist/css/tom-select.css"):
  
Started GET "/" for ::1 at 2022-05-20 12:06:24 +0200
Processing by ListsController#index as HTML
  Rendering layout layouts/application.html.erb
  Rendering lists/index.html.erb within layouts/application
  [1m[36mList Load (0.2ms)[0m  [1m[34mSELECT "lists".* FROM "lists"[0m
  ↳ app/views/lists/index.html.erb:13
  Rendered lists/index.html.erb within layouts/application (Duration: 1.6ms | Allocations: 609)
  Rendered shared/_navbar.html.erb (Duration: 1.4ms | Allocations: 591)
  Rendered shared/_flashes.html.erb (Duration: 0.1ms | Allocations: 28)
  Rendered layout layouts/application.html.erb (Duration: 7241.6ms | Allocations: 70597)
Completed 200 OK in 7243ms (Views: 7242.0ms | ActiveRecord: 0.2ms | Allocations: 70918)


Started GET "/lists/new" for ::1 at 2022-05-20 12:06:51 +0200
Processing by ListsController#new as HTML
  Rendering layout layouts/application.html.erb
  Rendering lists/new.html.erb within layouts/application
  Rendered lists/new.html.erb within layouts/application (Duration: 129.7ms | Allocations: 23274)
  Rendered shared/_navbar.html.erb (Duration: 1.0ms | Allocations: 601)
  Rendered shared/_flashes.html.erb (Duration: 0.1ms | Allocations: 34)
  Rendered layout layouts/application.html.erb (Duration: 145.8ms | Allocations: 32585)
Completed 200 OK in 207ms (Views: 146.5ms | ActiveRecord: 8.7ms | Allocations: 40493)


Started POST "/lists" for ::1 at 2022-05-20 12:07:07 +0200
Processing by ListsController#create as TURBO_STREAM
  Parameters: {"authenticity_token"=>"[FILTERED]", "list"=>{"name"=>"Action"}, "commit"=>"Create List"}
  [1m[36mTRANSACTION (0.3ms)[0m  [1m[35mBEGIN[0m
  ↳ app/controllers/lists_controller.rb:19:in `create'
  [1m[36mList Exists? (0.5ms)[0m  [1m[34mSELECT 1 AS one FROM "lists" WHERE "lists"."name" = $1 LIMIT $2[0m  [["name", "Action"], ["LIMIT", 1]]
  ↳ app/controllers/lists_controller.rb:19:in `create'
  [1m[36mList Create (0.8ms)[0m  [1m[32mINSERT INTO "lists" ("name", "created_at", "updated_at") VALUES ($1, $2, $3) RETURNING "id"[0m  [["name", "Action"], ["created_at", "2022-05-20 10:07:07.408316"], ["updated_at", "2022-05-20 10:07:07.408316"]]
  ↳ app/controllers/lists_controller.rb:19:in `create'
  [1m[36mTRANSACTION (0.6ms)[0m  [1m[35mCOMMIT[0m
  ↳ app/controllers/lists_controller.rb:19:in `create'
Redirected to http://localhost:3000/lists/1
Completed 302 Found in 14ms (ActiveRecord: 2.2ms | Allocations: 6785)


Started GET "/lists/1" for ::1 at 2022-05-20 12:07:07 +0200
Processing by ListsController#show as TURBO_STREAM
  Parameters: {"id"=>"1"}
  [1m[36mList Load (0.6ms)[0m  [1m[34mSELECT "lists".* FROM "lists" WHERE "lists"."id" = $1 LIMIT $2[0m  [["id", 1], ["LIMIT", 1]]
  ↳ app/controllers/lists_controller.rb:34:in `set_list'
  Rendering layout layouts/application.html.erb
  Rendering lists/show.html.erb within layouts/application
  [1m[36mMovie Count (4.2ms)[0m  [1m[34mSELECT COUNT(*) FROM "movies" INNER JOIN "bookmarks" ON "movies"."id" = "bookmarks"."movie_id" WHERE "bookmarks"."list_id" = $1[0m  [["list_id", 1]]
  ↳ app/views/lists/show.html.erb:5
  [1m[36mReview Exists? (1.6ms)[0m  [1m[34mSELECT 1 AS one FROM "reviews" WHERE "reviews"."list_id" = $1 LIMIT $2[0m  [["list_id", 1], ["LIMIT", 1]]
  ↳ app/views/lists/show.html.erb:41
  [1m[36mReview Load (0.3ms)[0m  [1m[34mSELECT "reviews".* FROM "reviews" WHERE "reviews"."list_id" = $1[0m  [["list_id", 1]]
  ↳ app/views/lists/show.html.erb:44
  [1m[36mMovie Load (0.8ms)[0m  [1m[34mSELECT "movies".* FROM "movies" ORDER BY "movies"."title" ASC[0m
  ↳ app/views/bookmarks/_modal.html.erb:12
  Rendered bookmarks/_modal.html.erb (Duration: 19.1ms | Allocations: 10598)
  Rendered lists/show.html.erb within layouts/application (Duration: 93.3ms | Allocations: 36298)
  Rendered shared/_navbar.html.erb (Duration: 0.8ms | Allocations: 596)
  Rendered shared/_flashes.html.erb (Duration: 0.1ms | Allocations: 34)
  Rendered layout layouts/application.html.erb (Duration: 105.4ms | Allocations: 45589)
Completed 200 OK in 214ms (Views: 96.8ms | ActiveRecord: 16.6ms | Allocations: 61718)


Started POST "/lists/1/bookmarks" for ::1 at 2022-05-20 12:07:50 +0200
Processing by BookmarksController#create as TURBO_STREAM
  Parameters: {"authenticity_token"=>"[FILTERED]", "bookmark"=>{"movie_id"=>"7", "comment"=>"Nice Movie"}, "commit"=>"Add movie", "list_id"=>"1"}
  [1m[36mList Load (0.6ms)[0m  [1m[34mSELECT "lists".* FROM "lists" WHERE "lists"."id" = $1 LIMIT $2[0m  [["id", 1], ["LIMIT", 1]]
  ↳ app/controllers/bookmarks_controller.rb:32:in `set_list'
  [1m[36mTRANSACTION (0.2ms)[0m  [1m[35mBEGIN[0m
  ↳ app/controllers/bookmarks_controller.rb:12:in `create'
  [1m[36mMovie Load (0.3ms)[0m  [1m[34mSELECT "movies".* FROM "movies" WHERE "movies"."id" = $1 LIMIT $2[0m  [["id", 7], ["LIMIT", 1]]
  ↳ app/controllers/bookmarks_controller.rb:12:in `create'
  [1m[36mBookmark Exists? (1.7ms)[0m  [1m[34mSELECT 1 AS one FROM "bookmarks" WHERE "bookmarks"."movie_id" = $1 AND "bookmarks"."list_id" = $2 LIMIT $3[0m  [["movie_id", 7], ["list_id", 1], ["LIMIT", 1]]
  ↳ app/controllers/bookmarks_controller.rb:12:in `create'
  [1m[36mBookmark Create (13.7ms)[0m  [1m[32mINSERT INTO "bookmarks" ("comment", "movie_id", "list_id", "created_at", "updated_at") VALUES ($1, $2, $3, $4, $5) RETURNING "id"[0m  [["comment", "Nice Movie"], ["movie_id", 7], ["list_id", 1], ["created_at", "2022-05-20 10:07:50.059716"], ["updated_at", "2022-05-20 10:07:50.059716"]]
  ↳ app/controllers/bookmarks_controller.rb:12:in `create'
  [1m[36mTRANSACTION (0.7ms)[0m  [1m[35mCOMMIT[0m
  ↳ app/controllers/bookmarks_controller.rb:12:in `create'
Redirected to http://localhost:3000/lists/1
Completed 302 Found in 43ms (ActiveRecord: 17.1ms | Allocations: 6840)


Started GET "/lists/1" for ::1 at 2022-05-20 12:07:50 +0200
Processing by ListsController#show as TURBO_STREAM
  Parameters: {"id"=>"1"}
  [1m[36mList Load (0.3ms)[0m  [1m[34mSELECT "lists".* FROM "lists" WHERE "lists"."id" = $1 LIMIT $2[0m  [["id", 1], ["LIMIT", 1]]
  ↳ app/controllers/lists_controller.rb:34:in `set_list'
  Rendering layout layouts/application.html.erb
  Rendering lists/show.html.erb within layouts/application
  [1m[36mMovie Count (0.5ms)[0m  [1m[34mSELECT COUNT(*) FROM "movies" INNER JOIN "bookmarks" ON "movies"."id" = "bookmarks"."movie_id" WHERE "bookmarks"."list_id" = $1[0m  [["list_id", 1]]
  ↳ app/views/lists/show.html.erb:5
  [1m[36mMovie Exists? (0.5ms)[0m  [1m[34mSELECT 1 AS one FROM "movies" INNER JOIN "bookmarks" ON "movies"."id" = "bookmarks"."movie_id" WHERE "bookmarks"."list_id" = $1 LIMIT $2[0m  [["list_id", 1], ["LIMIT", 1]]
  ↳ app/views/lists/show.html.erb:9
  [1m[36mMovie Load (0.4ms)[0m  [1m[34mSELECT "movies".* FROM "movies" INNER JOIN "bookmarks" ON "movies"."id" = "bookmarks"."movie_id" WHERE "bookmarks"."list_id" = $1[0m  [["list_id", 1]]
  ↳ app/views/lists/show.html.erb:18
  [1m[36mBookmark Load (0.3ms)[0m  [1m[34mSELECT "bookmarks".* FROM "bookmarks" WHERE "bookmarks"."list_id" = $1 AND "bookmarks"."movie_id" = $2 LIMIT $3[0m  [["list_id", 1], ["movie_id", 7], ["LIMIT", 1]]
  ↳ app/views/lists/show.html.erb:19
  [1m[36mReview Exists? (0.3ms)[0m  [1m[34mSELECT 1 AS one FROM "reviews" WHERE "reviews"."list_id" = $1 LIMIT $2[0m  [["list_id", 1], ["LIMIT", 1]]
  ↳ app/views/lists/show.html.erb:41
  [1m[36mReview Load (0.2ms)[0m  [1m[34mSELECT "reviews".* FROM "reviews" WHERE "reviews"."list_id" = $1[0m  [["list_id", 1]]
  ↳ app/views/lists/show.html.erb:44
  [1m[36mMovie Load (0.4ms)[0m  [1m[34mSELECT "movies".* FROM "movies" ORDER BY "movies"."title" ASC[0m
  ↳ app/views/bookmarks/_modal.html.erb:12
  Rendered bookmarks/_modal.html.erb (Duration: 9.9ms | Allocations: 6618)
  Rendered lists/show.html.erb within layouts/application (Duration: 36.6ms | Allocations: 19803)
  Rendered shared/_navbar.html.erb (Duration: 0.9ms | Allocations: 588)
  Rendered shared/_flashes.html.erb (Duration: 0.1ms | Allocations: 33)
  Rendered layout layouts/application.html.erb (Duration: 48.8ms | Allocations: 28981)
Completed 200 OK in 52ms (Views: 47.0ms | ActiveRecord: 2.8ms | Allocations: 29878)


Started POST "/lists/1/reviews" for ::1 at 2022-05-20 12:08:07 +0200
Processing by ReviewsController#create as TURBO_STREAM
  Parameters: {"authenticity_token"=>"[FILTERED]", "review"=>{"comment"=>"Super good film!", "rating"=>"1"}, "commit"=>"Create Review", "list_id"=>"1"}
  [1m[36mList Load (0.2ms)[0m  [1m[34mSELECT "lists".* FROM "lists" WHERE "lists"."id" = $1 LIMIT $2[0m  [["id", 1], ["LIMIT", 1]]
  ↳ app/controllers/reviews_controller.rb:4:in `create'
  [1m[36mTRANSACTION (0.3ms)[0m  [1m[35mBEGIN[0m
  ↳ app/controllers/reviews_controller.rb:6:in `create'
  [1m[36mReview Create (1.2ms)[0m  [1m[32mINSERT INTO "reviews" ("comment", "rating", "list_id", "created_at", "updated_at") VALUES ($1, $2, $3, $4, $5) RETURNING "id"[0m  [["comment", "Super good film!"], ["rating", 1], ["list_id", 1], ["created_at", "2022-05-20 10:08:07.070057"], ["updated_at", "2022-05-20 10:08:07.070057"]]
  ↳ app/controllers/reviews_controller.rb:6:in `create'
  [1m[36mTRANSACTION (0.5ms)[0m  [1m[35mCOMMIT[0m
  ↳ app/controllers/reviews_controller.rb:6:in `create'
Redirected to http://localhost:3000/lists/1
Completed 302 Found in 11ms (ActiveRecord: 2.3ms | Allocations: 3488)


Started GET "/lists/1" for ::1 at 2022-05-20 12:08:07 +0200
Processing by ListsController#show as TURBO_STREAM
  Parameters: {"id"=>"1"}
  [1m[36mList Load (0.3ms)[0m  [1m[34mSELECT "lists".* FROM "lists" WHERE "lists"."id" = $1 LIMIT $2[0m  [["id", 1], ["LIMIT", 1]]
  ↳ app/controllers/lists_controller.rb:34:in `set_list'
  Rendering layout layouts/application.html.erb
  Rendering lists/show.html.erb within layouts/application
  [1m[36mMovie Count (0.9ms)[0m  [1m[34mSELECT COUNT(*) FROM "movies" INNER JOIN "bookmarks" ON "movies"."id" = "bookmarks"."movie_id" WHERE "bookmarks"."list_id" = $1[0m  [["list_id", 1]]
  ↳ app/views/lists/show.html.erb:5
  [1m[36mMovie Exists? (0.5ms)[0m  [1m[34mSELECT 1 AS one FROM "movies" INNER JOIN "bookmarks" ON "movies"."id" = "bookmarks"."movie_id" WHERE "bookmarks"."list_id" = $1 LIMIT $2[0m  [["list_id", 1], ["LIMIT", 1]]
  ↳ app/views/lists/show.html.erb:9
  [1m[36mMovie Load (0.4ms)[0m  [1m[34mSELECT "movies".* FROM "movies" INNER JOIN "bookmarks" ON "movies"."id" = "bookmarks"."movie_id" WHERE "bookmarks"."list_id" = $1[0m  [["list_id", 1]]
  ↳ app/views/lists/show.html.erb:18
  [1m[36mBookmark Load (0.3ms)[0m  [1m[34mSELECT "bookmarks".* FROM "bookmarks" WHERE "bookmarks"."list_id" = $1 AND "bookmarks"."movie_id" = $2 LIMIT $3[0m  [["list_id", 1], ["movie_id", 7], ["LIMIT", 1]]
  ↳ app/views/lists/show.html.erb:19
  [1m[36mReview Exists? (0.3ms)[0m  [1m[34mSELECT 1 AS one FROM "reviews" WHERE "reviews"."list_id" = $1 LIMIT $2[0m  [["list_id", 1], ["LIMIT", 1]]
  ↳ app/views/lists/show.html.erb:41
  [1m[36mReview Load (0.6ms)[0m  [1m[34mSELECT "reviews".* FROM "reviews" WHERE "reviews"."list_id" = $1[0m  [["list_id", 1]]
  ↳ app/views/lists/show.html.erb:44
  [1m[36mMovie Load (0.9ms)[0m  [1m[34mSELECT "movies".* FROM "movies" ORDER BY "movies"."title" ASC[0m
  ↳ app/views/bookmarks/_modal.html.erb:12
  Rendered bookmarks/_modal.html.erb (Duration: 13.6ms | Allocations: 6618)
  Rendered lists/show.html.erb within layouts/application (Duration: 47.1ms | Allocations: 17867)
  Rendered shared/_navbar.html.erb (Duration: 0.8ms | Allocations: 588)
  Rendered shared/_flashes.html.erb (Duration: 0.1ms | Allocations: 33)
  Rendered layout layouts/application.html.erb (Duration: 58.3ms | Allocations: 26874)
Completed 200 OK in 62ms (Views: 55.3ms | ActiveRecord: 4.1ms | Allocations: 27769)


Started GET "/" for ::1 at 2022-05-20 12:11:00 +0200
Processing by ListsController#index as HTML
  Rendering layout layouts/application.html.erb
  Rendering lists/index.html.erb within layouts/application
  [1m[36mList Load (0.5ms)[0m  [1m[34mSELECT "lists".* FROM "lists"[0m
  ↳ app/views/lists/index.html.erb:13
  Rendered lists/index.html.erb within layouts/application (Duration: 10.1ms | Allocations: 1285)
  Rendered shared/_navbar.html.erb (Duration: 3.2ms | Allocations: 588)
  Rendered shared/_flashes.html.erb (Duration: 0.1ms | Allocations: 28)
  Rendered layout layouts/application.html.erb (Duration: 39.3ms | Allocations: 10739)
Completed 200 OK in 41ms (Views: 39.9ms | ActiveRecord: 0.5ms | Allocations: 11057)


Started GET "/lists/1" for ::1 at 2022-05-20 12:11:09 +0200
Processing by ListsController#show as HTML
  Parameters: {"id"=>"1"}
  [1m[36mList Load (0.3ms)[0m  [1m[34mSELECT "lists".* FROM "lists" WHERE "lists"."id" = $1 LIMIT $2[0m  [["id", 1], ["LIMIT", 1]]
  ↳ app/controllers/lists_controller.rb:34:in `set_list'
  Rendering layout layouts/application.html.erb
  Rendering lists/show.html.erb within layouts/application
  [1m[36mMovie Count (0.6ms)[0m  [1m[34mSELECT COUNT(*) FROM "movies" INNER JOIN "bookmarks" ON "movies"."id" = "bookmarks"."movie_id" WHERE "bookmarks"."list_id" = $1[0m  [["list_id", 1]]
  ↳ app/views/lists/show.html.erb:5
  [1m[36mMovie Exists? (0.5ms)[0m  [1m[34mSELECT 1 AS one FROM "movies" INNER JOIN "bookmarks" ON "movies"."id" = "bookmarks"."movie_id" WHERE "bookmarks"."list_id" = $1 LIMIT $2[0m  [["list_id", 1], ["LIMIT", 1]]
  ↳ app/views/lists/show.html.erb:9
  [1m[36mMovie Load (1.7ms)[0m  [1m[34mSELECT "movies".* FROM "movies" INNER JOIN "bookmarks" ON "movies"."id" = "bookmarks"."movie_id" WHERE "bookmarks"."list_id" = $1[0m  [["list_id", 1]]
  ↳ app/views/lists/show.html.erb:18
  [1m[36mBookmark Load (7.6ms)[0m  [1m[34mSELECT "bookmarks".* FROM "bookmarks" WHERE "bookmarks"."list_id" = $1 AND "bookmarks"."movie_id" = $2 LIMIT $3[0m  [["list_id", 1], ["movie_id", 7], ["LIMIT", 1]]
  ↳ app/views/lists/show.html.erb:19
  [1m[36mReview Exists? (0.5ms)[0m  [1m[34mSELECT 1 AS one FROM "reviews" WHERE "reviews"."list_id" = $1 LIMIT $2[0m  [["list_id", 1], ["LIMIT", 1]]
  ↳ app/views/lists/show.html.erb:41
  [1m[36mReview Load (0.3ms)[0m  [1m[34mSELECT "reviews".* FROM "reviews" WHERE "reviews"."list_id" = $1[0m  [["list_id", 1]]
  ↳ app/views/lists/show.html.erb:44
  [1m[36mMovie Load (0.4ms)[0m  [1m[34mSELECT "movies".* FROM "movies" ORDER BY "movies"."title" ASC[0m
  ↳ app/views/bookmarks/_modal.html.erb:12
  Rendered bookmarks/_modal.html.erb (Duration: 29.5ms | Allocations: 6602)
  Rendered lists/show.html.erb within layouts/application (Duration: 83.4ms | Allocations: 17431)
  Rendered shared/_navbar.html.erb (Duration: 1.0ms | Allocations: 587)
  Rendered shared/_flashes.html.erb (Duration: 0.1ms | Allocations: 28)
  Rendered layout layouts/application.html.erb (Duration: 95.7ms | Allocations: 26423)
Completed 200 OK in 109ms (Views: 84.9ms | ActiveRecord: 11.8ms | Allocations: 27277)


Started GET "/" for ::1 at 2022-05-20 12:16:03 +0200
Processing by ListsController#index as HTML
  Rendering layout layouts/application.html.erb
  Rendering lists/index.html.erb within layouts/application
  [1m[36mList Load (0.4ms)[0m  [1m[34mSELECT "lists".* FROM "lists"[0m
  ↳ app/views/lists/index.html.erb:13
  Rendered lists/index.html.erb within layouts/application (Duration: 11.3ms | Allocations: 1283)
  Rendered shared/_navbar.html.erb (Duration: 2.1ms | Allocations: 588)
  Rendered shared/_flashes.html.erb (Duration: 0.1ms | Allocations: 28)
  Rendered layout layouts/application.html.erb (Duration: 36.1ms | Allocations: 10734)
Completed 200 OK in 37ms (Views: 36.5ms | ActiveRecord: 0.4ms | Allocations: 11051)


